<?xml version="1.0" encoding="utf-8"?><testsuites name="pytest tests"><testsuite name="pytest" errors="0" failures="0" skipped="0" tests="15" time="5.080" timestamp="2026-04-21T09:56:58.847906+00:00" hostname="agent-env-bd6f6c24-f451-4013-ae52-46fefcda07a0"><testcase classname="backend.tests.test_luna_grant_points_earned_stat" name="test_positive_grant_increments_balance_and_total_earned" time="2.068" /><testcase classname="backend.tests.test_luna_grant_points_earned_stat" name="test_negative_grant_decrements_balance_but_preserves_total_earned" time="0.323" /><testcase classname="backend.tests.test_luna_grant_points_earned_stat" name="test_zero_amount_returns_400" time="0.123" /><testcase classname="backend.tests.test_luna_grant_points_earned_stat" name="test_grant_points_with_staff_jwt_accepted" time="0.473" /><testcase classname="backend.tests.test_luna_grant_points_earned_stat" name="test_grant_points_with_hub_key_still_works" time="0.204" /><testcase classname="backend.tests.test_luna_grant_points_earned_stat" name="test_grant_points_with_regular_user_jwt_rejected_403" time="0.106" /><testcase classname="backend.tests.test_luna_grant_points_earned_stat" name="test_grant_points_no_auth_401" time="0.107" /><testcase classname="backend.tests.test_luna_grant_points_earned_stat" name="test_gift_entry_scheduled_in_past_400" time="0.114" /><testcase classname="backend.tests.test_luna_grant_points_earned_stat" name="test_gift_entry_immediate_still_works" time="0.215" /><testcase classname="backend.tests.test_luna_grant_points_earned_stat" name="test_entry_tickets_my_live_status_field" time="0.106" /><testcase classname="backend.tests.test_luna_grant_points_earned_stat" name="test_earn_guard_artist_still_blocked" time="0.526" /><testcase classname="backend.tests.test_luna_grant_points_earned_stat" name="test_regression_admin_milestones_list" time="0.116" /><testcase classname="backend.tests.test_luna_grant_points_earned_stat" name="test_regression_admin_bottles_list" time="0.104" /><testcase classname="backend.tests.test_luna_grant_points_earned_stat" name="test_regression_admin_venues_list" time="0.103" /><testcase classname="backend.tests.test_luna_grant_points_earned_stat" name="test_regression_public_config" time="0.315" /></testsuite></testsuites>