<?xml version="1.0" encoding="utf-8"?><testsuites name="pytest tests"><testsuite name="pytest" errors="0" failures="0" skipped="0" tests="35" time="6.326" timestamp="2026-04-21T09:57:09.219039+00:00" hostname="agent-env-bd6f6c24-f451-4013-ae52-46fefcda07a0"><testcase classname="backend.tests.test_luna_vip_roles_entry_tickets" name="test_list_users_search_by_email" time="1.247" /><testcase classname="backend.tests.test_luna_vip_roles_entry_tickets" name="test_list_users_filter_role_admin" time="0.116" /><testcase classname="backend.tests.test_luna_vip_roles_entry_tickets" name="test_get_single_user" time="0.108" /><testcase classname="backend.tests.test_luna_vip_roles_entry_tickets" name="test_update_user_name_tier" time="0.102" /><testcase classname="backend.tests.test_luna_vip_roles_entry_tickets" name="test_update_user_invalid_role_400" time="0.110" /><testcase classname="backend.tests.test_luna_vip_roles_entry_tickets" name="test_update_user_nonexistent_404" time="0.099" /><testcase classname="backend.tests.test_luna_vip_roles_entry_tickets" name="test_grant_points_positive_and_transaction_record" time="0.305" /><testcase classname="backend.tests.test_luna_vip_roles_entry_tickets" name="test_grant_points_negative_deduct" time="0.241" /><testcase classname="backend.tests.test_luna_vip_roles_entry_tickets" name="test_grant_points_zero_amount_400" time="0.093" /><testcase classname="backend.tests.test_luna_vip_roles_entry_tickets" name="test_grant_points_to_artist_bypasses_earn_guard" time="0.310" /><testcase classname="backend.tests.test_luna_vip_roles_entry_tickets" name="test_earn_guard_artist_cannot_claim_mission" time="0.211" /><testcase classname="backend.tests.test_luna_vip_roles_entry_tickets" name="test_earn_guard_regression_regular_user_not_blocked" time="0.316" /><testcase classname="backend.tests.test_luna_vip_roles_entry_tickets" name="test_gift_entry_immediate" time="0.099" /><testcase classname="backend.tests.test_luna_vip_roles_entry_tickets" name="test_gift_entry_scheduled_brisbane_window" time="0.132" /><testcase classname="backend.tests.test_luna_vip_roles_entry_tickets" name="test_gift_entry_invalid_date_400" time="0.113" /><testcase classname="backend.tests.test_luna_vip_roles_entry_tickets" name="test_gift_entry_invalid_date_foo_400" time="0.100" /><testcase classname="backend.tests.test_luna_vip_roles_entry_tickets" name="test_gift_entry_bad_venue_404" time="0.115" /><testcase classname="backend.tests.test_luna_vip_roles_entry_tickets" name="test_user_list_own_tickets" time="0.109" /><testcase classname="backend.tests.test_luna_vip_roles_entry_tickets" name="test_user_list_filter_active" time="0.110" /><testcase classname="backend.tests.test_luna_vip_roles_entry_tickets" name="test_user_cannot_access_other_users_ticket" time="0.103" /><testcase classname="backend.tests.test_luna_vip_roles_entry_tickets" name="test_validate_qr_non_staff_403" time="0.104" /><testcase classname="backend.tests.test_luna_vip_roles_entry_tickets" name="test_validate_qr_invalid_code" time="0.107" /><testcase classname="backend.tests.test_luna_vip_roles_entry_tickets" name="test_validate_qr_wrong_venue" time="0.100" /><testcase classname="backend.tests.test_luna_vip_roles_entry_tickets" name="test_validate_qr_not_yet_active" time="0.098" /><testcase classname="backend.tests.test_luna_vip_roles_entry_tickets" name="test_validate_qr_success_then_already_used" time="0.200" /><testcase classname="backend.tests.test_luna_vip_roles_entry_tickets" name="test_admin_list_entry_tickets_filter_user" time="0.120" /><testcase classname="backend.tests.test_luna_vip_roles_entry_tickets" name="test_admin_list_entry_tickets_filter_venue" time="0.107" /><testcase classname="backend.tests.test_luna_vip_roles_entry_tickets" name="test_admin_list_entry_tickets_filter_status" time="0.105" /><testcase classname="backend.tests.test_luna_vip_roles_entry_tickets" name="test_revoke_unused_ticket_then_validate" time="0.217" /><testcase classname="backend.tests.test_luna_vip_roles_entry_tickets" name="test_revoke_used_ticket_400" time="0.105" /><testcase classname="backend.tests.test_luna_vip_roles_entry_tickets" name="test_regression_public_config" time="0.102" /><testcase classname="backend.tests.test_luna_vip_roles_entry_tickets" name="test_regression_admin_milestones_list" time="0.117" /><testcase classname="backend.tests.test_luna_vip_roles_entry_tickets" name="test_regression_admin_bottles_list" time="0.107" /><testcase classname="backend.tests.test_luna_vip_roles_entry_tickets" name="test_regression_admin_venues_list" time="0.107" /><testcase classname="backend.tests.test_luna_vip_roles_entry_tickets" name="test_regression_authenticated_missions_list" time="0.420" /></testsuite></testsuites>