<?xml version="1.0" encoding="utf-8"?><testsuites name="pytest tests"><testsuite name="pytest" errors="0" failures="1" skipped="0" tests="21" time="12.418" timestamp="2026-04-23T20:59:51.070408+00:00" hostname="agent-env-bd6f6c24-f451-4013-ae52-46fefcda07a0"><testcase classname="backend.tests.test_push_broadcasts_and_auction_images.TestAudiencePreview" name="test_preview_all_excludes_sample_users" time="0.640" /><testcase classname="backend.tests.test_push_broadcasts_and_auction_images.TestAudiencePreview" name="test_preview_user_luna" time="0.144" /><testcase classname="backend.tests.test_push_broadcasts_and_auction_images.TestAudiencePreview" name="test_preview_users_list" time="0.472"><failure message="AssertionError: {'audience': 'users:4433d919-48d3-481f-9859-76ba4d21ec80', 'sample_names': ['Luna', 'Luna Admin'], 'user_count': 63, 'with_push_token_count': 2}&#10;assert 63 == 1">backend/tests/test_push_broadcasts_and_auction_images.py:120: in test_preview_users_list
    assert data["user_count"] == 1, data
E   AssertionError: {'audience': 'users:4433d919-48d3-481f-9859-76ba4d21ec80', 'sample_names': ['Luna', 'Luna Admin'], 'user_count': 63, 'with_push_token_count': 2}
E   assert 63 == 1</failure></testcase><testcase classname="backend.tests.test_push_broadcasts_and_auction_images.TestAudiencePreview" name="test_preview_tier_gold" time="0.150" /><testcase classname="backend.tests.test_push_broadcasts_and_auction_images.TestAudiencePreview" name="test_preview_non_admin_denied" time="0.439" /><testcase classname="backend.tests.test_push_broadcasts_and_auction_images.TestUsersSearch" name="test_search_short_query_returns_empty" time="0.162" /><testcase classname="backend.tests.test_push_broadcasts_and_auction_images.TestUsersSearch" name="test_search_lun" time="0.116" /><testcase classname="backend.tests.test_push_broadcasts_and_auction_images.TestUsersSearch" name="test_search_non_admin_denied" time="0.113" /><testcase classname="backend.tests.test_push_broadcasts_and_auction_images.TestBroadcastCrudAndTest" name="test_create_broadcast_literal_audience" time="0.249" /><testcase classname="backend.tests.test_push_broadcasts_and_auction_images.TestBroadcastCrudAndTest" name="test_list_broadcasts" time="0.173" /><testcase classname="backend.tests.test_push_broadcasts_and_auction_images.TestBroadcastCrudAndTest" name="test_update_broadcast" time="0.305" /><testcase classname="backend.tests.test_push_broadcasts_and_auction_images.TestBroadcastCrudAndTest" name="test_send_test_to_admin_only" time="0.472" /><testcase classname="backend.tests.test_push_broadcasts_and_auction_images.TestBroadcastCrudAndTest" name="test_send_test_non_admin_denied" time="0.250" /><testcase classname="backend.tests.test_push_broadcasts_and_auction_images.TestBroadcastCrudAndTest" name="test_route_order_static_paths_not_treated_as_id" time="0.236" /><testcase classname="backend.tests.test_push_broadcasts_and_auction_images.TestScheduledDispatcher" name="test_scheduled_broadcast_dispatches" time="6.249" /><testcase classname="backend.tests.test_push_broadcasts_and_auction_images.TestAuctionImageUpload" name="test_multipart_upload_then_serve" time="0.248" /><testcase classname="backend.tests.test_push_broadcasts_and_auction_images.TestAuctionImageUpload" name="test_json_base64_upload" time="0.292" /><testcase classname="backend.tests.test_push_broadcasts_and_auction_images.TestAuctionImageUpload" name="test_reject_non_image_mime" time="0.111" /><testcase classname="backend.tests.test_push_broadcasts_and_auction_images.TestAuctionImageUpload" name="test_upload_non_admin_denied" time="0.110" /><testcase classname="backend.tests.test_push_broadcasts_and_auction_images.TestAuctionImageUpload" name="test_path_traversal_guard" time="0.121" /><testcase classname="backend.tests.test_push_broadcasts_and_auction_images.TestAuctionImageUpload" name="test_put_auction_preserves_other_fields_on_image_only_update" time="1.209" /></testsuite></testsuites>