<?xml version="1.0" encoding="utf-8"?><testsuites name="pytest tests"><testsuite name="pytest" errors="0" failures="0" skipped="0" tests="12" time="1.178" timestamp="2026-04-23T07:46:10.159641+00:00" hostname="agent-env-bd6f6c24-f451-4013-ae52-46fefcda07a0"><testcase classname="backend.tests.test_nightly_crown" name="test_logins" time="0.498" /><testcase classname="backend.tests.test_nightly_crown" name="test_daily_prize_public_shape" time="0.045" /><testcase classname="backend.tests.test_nightly_crown" name="test_daily_prize_current_leader_exists" time="0.045" /><testcase classname="backend.tests.test_nightly_crown" name="test_next_midnight_is_brisbane_midnight_next_day" time="0.044" /><testcase classname="backend.tests.test_nightly_crown" name="test_award_now_non_admin_forbidden" time="0.044" /><testcase classname="backend.tests.test_nightly_crown" name="test_award_now_no_auth_unauthorized" time="0.043" /><testcase classname="backend.tests.test_nightly_crown" name="test_award_now_force_succeeds" time="0.168" /><testcase classname="backend.tests.test_nightly_crown" name="test_award_now_idempotent_without_force" time="0.044" /><testcase classname="backend.tests.test_nightly_crown" name="test_side_effects_points_credited_and_ledger_and_winner_doc" time="0.044" /><testcase classname="backend.tests.test_nightly_crown" name="test_side_effects_via_mongo" time="0.074" /><testcase classname="backend.tests.test_nightly_crown" name="test_winner_excludes_admin_and_sample_users" time="0.001" /><testcase classname="backend.tests.test_nightly_crown" name="test_cleanup_award_side_effects" time="0.003" /></testsuite></testsuites>