<?xml version="1.0" encoding="utf-8"?><testsuites name="pytest tests"><testsuite name="pytest" errors="0" failures="0" skipped="0" tests="11" time="20.542" timestamp="2026-02-17T22:35:45.446704+00:00" hostname="agent-env-be65c918-c66a-4af3-b44a-49ecb8831561"><testcase classname="backend.tests.test_events_and_auth.TestHealthAndBasics" name="test_venues_endpoint" time="0.338" /><testcase classname="backend.tests.test_events_and_auth.TestAuthentication" name="test_login_success" time="0.401" /><testcase classname="backend.tests.test_events_and_auth.TestAuthentication" name="test_login_invalid_credentials" time="0.128" /><testcase classname="backend.tests.test_events_and_auth.TestEventsFeed" name="test_events_feed_returns_data" time="9.613" /><testcase classname="backend.tests.test_events_and_auth.TestEventsFeed" name="test_events_feed_has_featured_events" time="0.203" /><testcase classname="backend.tests.test_events_and_auth.TestEventsFeed" name="test_events_have_luna_venue_field" time="0.107" /><testcase classname="backend.tests.test_events_and_auth.TestEventDetail" name="test_event_detail_by_id" time="6.790" /><testcase classname="backend.tests.test_events_and_auth.TestEventDetail" name="test_event_detail_ef_398404" time="0.127" /><testcase classname="backend.tests.test_events_and_auth.TestEventDetail" name="test_event_detail_has_complete_data" time="0.194" /><testcase classname="backend.tests.test_events_and_auth.TestEventsListEndpoint" name="test_events_brisbane" time="1.479" /><testcase classname="backend.tests.test_events_and_auth.TestEventsListEndpoint" name="test_events_search" time="1.003" /></testsuite></testsuites>