<?xml version="1.0" encoding="utf-8"?><testsuites name="pytest tests"><testsuite name="pytest" errors="0" failures="0" skipped="0" tests="16" time="9.551" timestamp="2026-03-31T06:47:30.618692+00:00" hostname="agent-env-bd6f6c24-f451-4013-ae52-46fefcda07a0"><testcase classname="backend.tests.test_payments_stories.TestPaymentsPackages" name="test_get_packages_returns_12_packages" time="0.211" /><testcase classname="backend.tests.test_payments_stories.TestPaymentsCheckout" name="test_checkout_requires_authentication" time="0.099" /><testcase classname="backend.tests.test_payments_stories.TestPaymentsCheckout" name="test_checkout_creates_stripe_session" time="0.886" /><testcase classname="backend.tests.test_payments_stories.TestPaymentsCheckout" name="test_checkout_invalid_package" time="0.459" /><testcase classname="backend.tests.test_payments_stories.TestPaymentStatus" name="test_get_payment_status" time="1.218" /><testcase classname="backend.tests.test_payments_stories.TestPaymentStatus" name="test_payment_status_not_found" time="0.488" /><testcase classname="backend.tests.test_payments_stories.TestStoriesCreate" name="test_create_story_with_ai_caption" time="2.118" /><testcase classname="backend.tests.test_payments_stories.TestStoriesCreate" name="test_create_story_with_custom_caption" time="0.456" /><testcase classname="backend.tests.test_payments_stories.TestStoriesCreate" name="test_create_story_requires_auth" time="0.100" /><testcase classname="backend.tests.test_payments_stories.TestStoriesMyStories" name="test_get_my_stories" time="0.442" /><testcase classname="backend.tests.test_payments_stories.TestStoriesShare" name="test_share_story_awards_25_points" time="0.527" /><testcase classname="backend.tests.test_payments_stories.TestStoriesShare" name="test_share_story_multiple_platforms" time="0.985" /><testcase classname="backend.tests.test_payments_stories.TestStoriesShare" name="test_share_story_invalid_platform" time="0.525" /><testcase classname="backend.tests.test_payments_stories.TestStoriesFeed" name="test_get_story_feed" time="0.423" /><testcase classname="backend.tests.test_payments_stories.TestStoriesFeed" name="test_story_feed_requires_auth" time="0.100" /><testcase classname="backend.tests.test_payments_stories.TestPaymentHistory" name="test_get_payment_history" time="0.409" /></testsuite></testsuites>