<?xml version="1.0" encoding="utf-8"?><testsuites name="pytest tests"><testsuite name="pytest" errors="0" failures="0" skipped="0" tests="11" time="20.167" timestamp="2026-03-31T07:12:22.531126+00:00" hostname="agent-env-bd6f6c24-f451-4013-ae52-46fefcda07a0"><testcase classname="backend.tests.test_new_features.TestAuth" name="test_mobile_login" time="0.392" /><testcase classname="backend.tests.test_new_features.TestAIPersonalizedEvents" name="test_ai_personalized_events_endpoint" time="6.525" /><testcase classname="backend.tests.test_new_features.TestAIPersonalizedEvents" name="test_ai_personalized_events_with_ai_recommended_flag" time="6.099" /><testcase classname="backend.tests.test_new_features.TestAIPersonalizedEvents" name="test_ai_health_endpoint" time="0.110" /><testcase classname="backend.tests.test_new_features.TestStoriesAPI" name="test_get_my_stories" time="0.432" /><testcase classname="backend.tests.test_new_features.TestStoriesAPI" name="test_get_story_feed" time="0.428" /><testcase classname="backend.tests.test_new_features.TestStoriesAPI" name="test_create_story" time="0.412" /><testcase classname="backend.tests.test_new_features.TestStoriesAPI" name="test_share_story" time="0.830" /><testcase classname="backend.tests.test_new_features.TestStoriesAPI" name="test_stories_require_auth" time="0.186" /><testcase classname="backend.tests.test_new_features.TestVenuePortalAI" name="test_ai_chat_endpoint" time="4.593" /><testcase classname="backend.tests.test_new_features.TestEventsFeed" name="test_events_feed" time="0.110" /></testsuite></testsuites>