<?xml version="1.0" encoding="utf-8"?><testsuites name="pytest tests"><testsuite name="pytest" errors="0" failures="1" skipped="0" tests="17" time="93.110" timestamp="2026-03-31T18:53:26.790297+00:00" hostname="agent-env-bd6f6c24-f451-4013-ae52-46fefcda07a0"><testcase classname="backend.tests.test_auction_notifications.TestAuctionNotifications" name="test_health_check" time="79.655"><failure message="assert 502 == 200&#10; +  where 502 = &lt;Response [502]&gt;.status_code">backend/tests/test_auction_notifications.py:43: in test_health_check
    assert response.status_code == 200
E   assert 502 == 200
E    +  where 502 = &lt;Response [502]&gt;.status_code</failure></testcase><testcase classname="backend.tests.test_auction_notifications.TestAuctionNotifications" name="test_get_auctions_list" time="6.989" /><testcase classname="backend.tests.test_auction_notifications.TestAuctionNotifications" name="test_get_auction_detail" time="0.484" /><testcase classname="backend.tests.test_auction_notifications.TestAuctionNotifications" name="test_place_bid_success" time="0.464" /><testcase classname="backend.tests.test_auction_notifications.TestAuctionNotifications" name="test_place_bid_with_auto_bid" time="0.447" /><testcase classname="backend.tests.test_auction_notifications.TestAuctionNotifications" name="test_bid_below_minimum_fails" time="0.875" /><testcase classname="backend.tests.test_auction_notifications.TestAuctionNotifications" name="test_bid_exceeds_max_limit_fails" time="0.424" /><testcase classname="backend.tests.test_auction_notifications.TestAuctionNotifications" name="test_subscribe_to_auction" time="0.490" /><testcase classname="backend.tests.test_auction_notifications.TestAuctionNotifications" name="test_get_auction_bids" time="0.488" /><testcase classname="backend.tests.test_auction_notifications.TestEventDetailPage" name="test_event_list" time="0.218" /><testcase classname="backend.tests.test_auction_notifications.TestEventDetailPage" name="test_event_detail_valid_id" time="1.369" /><testcase classname="backend.tests.test_auction_notifications.TestEventDetailPage" name="test_event_detail_undefined_id" time="0.131" /><testcase classname="backend.tests.test_auction_notifications.TestEventDetailPage" name="test_event_detail_invalid_id" time="0.153" /><testcase classname="backend.tests.test_auction_notifications.TestEventDetailPage" name="test_event_detail_empty_id" time="0.306" /><testcase classname="backend.tests.test_auction_notifications.TestScheduledJobs" name="test_scheduler_status" time="0.216" /><testcase classname="backend.tests.test_auction_notifications.TestScheduledJobs" name="test_auctions_have_required_fields_for_notifications" time="0.112" /><testcase classname="backend.tests.test_auction_notifications.TestHomePageAuctions" name="test_active_auctions_available" time="0.134" /></testsuite></testsuites>