<?xml version="1.0" encoding="utf-8"?><testsuites name="pytest tests"><testsuite name="pytest" errors="0" failures="1" skipped="0" tests="26" time="3.040" timestamp="2026-04-20T21:03:12.201330+00:00" hostname="agent-env-bd6f6c24-f451-4013-ae52-46fefcda07a0"><testcase classname="backend.tests.test_bottle_and_menus.TestVIPTableRemoved" name="test_post_bookings_table" time="0.524" /><testcase classname="backend.tests.test_bottle_and_menus.TestVIPTableRemoved" name="test_post_table_deposit" time="0.060" /><testcase classname="backend.tests.test_bottle_and_menus.TestVIPTableRemoved" name="test_post_table_confirm" time="0.085" /><testcase classname="backend.tests.test_bottle_and_menus.TestVIPTableRemoved" name="test_get_my_tables" time="0.050" /><testcase classname="backend.tests.test_bottle_and_menus.TestEclipseBottleMenu" name="test_menu_returns_48_items" time="0.058" /><testcase classname="backend.tests.test_bottle_and_menus.TestEclipseBottleMenu" name="test_key_item_prices" time="0.055" /><testcase classname="backend.tests.test_bottle_and_menus.TestBottleServiceEclipseOnly" name="test_non_eclipse_rejected[juju]" time="0.046" /><testcase classname="backend.tests.test_bottle_and_menus.TestBottleServiceEclipseOnly" name="test_non_eclipse_rejected[night_market]" time="0.046" /><testcase classname="backend.tests.test_bottle_and_menus.TestBottleServiceEclipseOnly" name="test_non_eclipse_rejected[sky_bar]" time="0.048" /><testcase classname="backend.tests.test_bottle_and_menus.TestDepositFormula" name="test_small_order_flat_50" time="0.061" /><testcase classname="backend.tests.test_bottle_and_menus.TestDepositFormula" name="test_large_order_ten_percent" time="0.079" /><testcase classname="backend.tests.test_bottle_and_menus.TestDevModePoints" name="test_luna_awards_points" time="0.057" /><testcase classname="backend.tests.test_bottle_and_menus.TestStripeForRealUser" name="test_fresh_user_gets_checkout_url" time="0.927" /><testcase classname="backend.tests.test_bottle_and_menus.TestVenueMenus" name="test_juju_menu" time="0.049" /><testcase classname="backend.tests.test_bottle_and_menus.TestVenueMenus" name="test_night_market_menu" time="0.057" /><testcase classname="backend.tests.test_bottle_and_menus.TestVenueMenus" name="test_invalid_venue_menu" time="0.048" /><testcase classname="backend.tests.test_bottle_and_menus.TestRegression" name="test_venues_list" time="0.060" /><testcase classname="backend.tests.test_bottle_and_menus.TestRegression" name="test_venue_detail" time="0.049" /><testcase classname="backend.tests.test_bottle_and_menus.TestRegression" name="test_subscriptions_my" time="0.049" /><testcase classname="backend.tests.test_bottle_and_menus.TestRegression" name="test_points_balance" time="0.050" /><testcase classname="backend.tests.test_bottle_and_menus.TestRegression" name="test_leaderboard" time="0.051"><failure message="assert 401 == 200&#10; +  where 401 = &lt;Response [401]&gt;.status_code">backend/tests/test_bottle_and_menus.py:235: in test_leaderboard
    assert r.status_code == 200
E   assert 401 == 200
E    +  where 401 = &lt;Response [401]&gt;.status_code</failure></testcase><testcase classname="backend.tests.test_bottle_and_menus.TestRegression" name="test_rewards" time="0.049" /><testcase classname="backend.tests.test_bottle_and_menus.TestRegression" name="test_missions" time="0.048" /><testcase classname="backend.tests.test_bottle_and_menus.TestRegression" name="test_my_reservations" time="0.049" /><testcase classname="backend.tests.test_bottle_and_menus.TestRegression" name="test_reserve" time="0.058" /><testcase classname="backend.tests.test_bottle_and_menus.TestRegression" name="test_guestlist" time="0.130" /></testsuite></testsuites>