<?xml version="1.0" encoding="utf-8"?><testsuites name="pytest tests"><testsuite name="pytest" errors="0" failures="0" skipped="0" tests="22" time="6.535" timestamp="2026-04-17T07:19:28.008105+00:00" hostname="agent-env-bd6f6c24-f451-4013-ae52-46fefcda07a0"><testcase classname="backend.tests.test_milestones_system.TestGetMilestones" name="test_get_milestones_returns_all_six" time="0.580" /><testcase classname="backend.tests.test_milestones_system.TestGetMilestones" name="test_milestones_have_correct_points_required" time="0.140" /><testcase classname="backend.tests.test_milestones_system.TestGetMilestones" name="test_milestones_have_reward_summary" time="0.131" /><testcase classname="backend.tests.test_milestones_system.TestGetMilestones" name="test_milestones_show_unlocked_claimed_status" time="0.128" /><testcase classname="backend.tests.test_milestones_system.TestGetMilestones" name="test_milestones_requires_auth" time="0.151" /><testcase classname="backend.tests.test_milestones_system.TestClaimMilestone" name="test_claim_already_claimed_milestone_fails" time="0.464" /><testcase classname="backend.tests.test_milestones_system.TestClaimMilestone" name="test_claim_legend_fails_insufficient_points" time="0.101" /><testcase classname="backend.tests.test_milestones_system.TestClaimMilestone" name="test_claim_nonexistent_milestone_fails" time="0.104" /><testcase classname="backend.tests.test_milestones_system.TestClaimMilestone" name="test_claim_vip_status_success" time="0.285" /><testcase classname="backend.tests.test_milestones_system.TestClaimMilestone" name="test_claim_requires_auth" time="0.114" /><testcase classname="backend.tests.test_milestones_system.TestMilestoneTickets" name="test_get_all_tickets" time="0.462" /><testcase classname="backend.tests.test_milestones_system.TestMilestoneTickets" name="test_get_tickets_filtered_by_milestone" time="0.217" /><testcase classname="backend.tests.test_milestones_system.TestMilestoneTickets" name="test_tickets_requires_auth" time="0.134" /><testcase classname="backend.tests.test_milestones_system.TestTicketValidation" name="test_use_ticket_by_id" time="1.002" /><testcase classname="backend.tests.test_milestones_system.TestTicketValidation" name="test_use_ticket_requires_staff_role" time="0.105" /><testcase classname="backend.tests.test_milestones_system.TestTicketValidation" name="test_use_nonexistent_ticket_fails" time="0.118" /><testcase classname="backend.tests.test_milestones_system.TestTicketValidation" name="test_validate_qr_success" time="0.317" /><testcase classname="backend.tests.test_milestones_system.TestTicketValidation" name="test_validate_invalid_qr_fails" time="0.114" /><testcase classname="backend.tests.test_milestones_system.TestTicketValidation" name="test_validate_qr_requires_staff" time="0.106" /><testcase classname="backend.tests.test_milestones_system.TestMissionsAPI" name="test_get_missions" time="0.471" /><testcase classname="backend.tests.test_milestones_system.TestMissionsAPI" name="test_missions_requires_auth" time="0.104" /><testcase classname="backend.tests.test_milestones_system.TestMilestoneIntegration" name="test_milestone_claim_to_ticket_flow" time="1.089" /></testsuite></testsuites>