<?xml version="1.0" encoding="utf-8"?><testsuites name="pytest tests"><testsuite name="pytest" errors="0" failures="0" skipped="0" tests="28" time="7.471" timestamp="2026-04-17T07:00:06.220658+00:00" hostname="agent-env-bd6f6c24-f451-4013-ae52-46fefcda07a0"><testcase classname="backend.tests.test_staff_portal_quick_award.TestAuthentication" name="test_admin_login" time="0.517" /><testcase classname="backend.tests.test_staff_portal_quick_award.TestSpendingCategories" name="test_get_spending_categories" time="0.112" /><testcase classname="backend.tests.test_staff_portal_quick_award.TestQuickAward" name="test_quick_award_success" time="0.789" /><testcase classname="backend.tests.test_staff_portal_quick_award.TestQuickAward" name="test_quick_award_validation_zero_amount" time="0.128" /><testcase classname="backend.tests.test_staff_portal_quick_award.TestQuickAward" name="test_quick_award_validation_negative_amount" time="0.111" /><testcase classname="backend.tests.test_staff_portal_quick_award.TestQuickAward" name="test_quick_award_validation_exceeds_limit" time="0.098" /><testcase classname="backend.tests.test_staff_portal_quick_award.TestQuickAward" name="test_quick_award_invalid_user" time="0.108" /><testcase classname="backend.tests.test_staff_portal_quick_award.TestQuickAward" name="test_quick_award_requires_auth" time="0.106" /><testcase classname="backend.tests.test_staff_portal_quick_award.TestQuickAward" name="test_quick_award_different_categories" time="0.852" /><testcase classname="backend.tests.test_staff_portal_quick_award.TestValidateReward" name="test_validate_reward_invalid_qr" time="0.477" /><testcase classname="backend.tests.test_staff_portal_quick_award.TestValidateReward" name="test_validate_reward_requires_auth" time="0.143" /><testcase classname="backend.tests.test_staff_portal_quick_award.TestStaffTransactions" name="test_get_staff_transactions" time="0.428" /><testcase classname="backend.tests.test_staff_portal_quick_award.TestStaffTransactions" name="test_get_staff_transactions_with_venue_filter" time="0.103" /><testcase classname="backend.tests.test_staff_portal_quick_award.TestStaffTransactions" name="test_get_staff_transactions_requires_auth" time="0.099" /><testcase classname="backend.tests.test_staff_portal_quick_award.TestStaffTransactions" name="test_get_staff_transaction_summary_today" time="0.117" /><testcase classname="backend.tests.test_staff_portal_quick_award.TestStaffTransactions" name="test_get_staff_transaction_summary_week" time="0.109" /><testcase classname="backend.tests.test_staff_portal_quick_award.TestStaffTransactions" name="test_get_staff_transaction_summary_month" time="0.312" /><testcase classname="backend.tests.test_staff_portal_quick_award.TestStaffTransactions" name="test_get_staff_transaction_summary_requires_auth" time="0.104" /><testcase classname="backend.tests.test_staff_portal_quick_award.TestSwiftPOSIntegration" name="test_swiftpos_sale_with_staff_auth_matched" time="0.461" /><testcase classname="backend.tests.test_staff_portal_quick_award.TestSwiftPOSIntegration" name="test_swiftpos_sale_unmatched" time="0.108" /><testcase classname="backend.tests.test_staff_portal_quick_award.TestSwiftPOSIntegration" name="test_swiftpos_sale_requires_auth" time="0.095" /><testcase classname="backend.tests.test_staff_portal_quick_award.TestSwiftPOSIntegration" name="test_swiftpos_sale_invalid_webhook_key" time="0.104" /><testcase classname="backend.tests.test_staff_portal_quick_award.TestSwiftPOSIntegration" name="test_get_unmatched_sales" time="0.114" /><testcase classname="backend.tests.test_staff_portal_quick_award.TestSwiftPOSIntegration" name="test_get_unmatched_sales_requires_auth" time="0.103" /><testcase classname="backend.tests.test_staff_portal_quick_award.TestSwiftPOSIntegration" name="test_match_unmatched_sale" time="0.326" /><testcase classname="backend.tests.test_staff_portal_quick_award.TestSwiftPOSIntegration" name="test_match_nonexistent_sale" time="0.107" /><testcase classname="backend.tests.test_staff_portal_quick_award.TestSwiftPOSIntegration" name="test_match_to_nonexistent_user" time="0.244" /><testcase classname="backend.tests.test_staff_portal_quick_award.TestEndToEndFlow" name="test_full_staff_portal_flow" time="0.977" /></testsuite></testsuites>