<?xml version="1.0" encoding="utf-8"?><testsuites name="pytest tests"><testsuite name="pytest" errors="0" failures="0" skipped="0" tests="31" time="20.803" timestamp="2026-02-19T10:40:17.471599+00:00" hostname="agent-env-ad0d033b-e1b3-4d24-bccc-383d9b787e05"><testcase classname="tests.test_refactoring_and_analytics.TestHealthAndBasicConnectivity" name="test_venues_endpoint_accessible" time="0.167" /><testcase classname="tests.test_refactoring_and_analytics.TestHealthAndBasicConnectivity" name="test_venue_detail_endpoint" time="0.109" /><testcase classname="tests.test_refactoring_and_analytics.TestAuthAPIs" name="test_login_regular_user" time="0.336" /><testcase classname="tests.test_refactoring_and_analytics.TestAuthAPIs" name="test_login_venue_manager" time="0.327" /><testcase classname="tests.test_refactoring_and_analytics.TestAuthAPIs" name="test_login_invalid_credentials" time="0.324" /><testcase classname="tests.test_refactoring_and_analytics.TestAuthAPIs" name="test_get_current_user" time="0.467" /><testcase classname="tests.test_refactoring_and_analytics.TestAuthAPIs" name="test_auth_me_without_token" time="0.168" /><testcase classname="tests.test_refactoring_and_analytics.TestEventsAPI" name="test_events_feed" time="8.169" /><testcase classname="tests.test_refactoring_and_analytics.TestEventsAPI" name="test_events_featured" time="2.199" /><testcase classname="tests.test_refactoring_and_analytics.TestEventsAPI" name="test_events_list" time="1.430" /><testcase classname="tests.test_refactoring_and_analytics.TestRewardsAPI" name="test_get_rewards_list" time="0.101" /><testcase classname="tests.test_refactoring_and_analytics.TestRewardsAPI" name="test_get_rewards_by_category" time="0.135" /><testcase classname="tests.test_refactoring_and_analytics.TestCherryHubIntegration" name="test_cherryhub_status" time="0.521" /><testcase classname="tests.test_refactoring_and_analytics.TestNewVenueAnalyticsAPIs" name="test_venue_analytics_revenue" time="0.443" /><testcase classname="tests.test_refactoring_and_analytics.TestNewVenueAnalyticsAPIs" name="test_venue_analytics_revenue_periods" time="0.641" /><testcase classname="tests.test_refactoring_and_analytics.TestNewVenueAnalyticsAPIs" name="test_venue_analytics_checkins" time="0.425" /><testcase classname="tests.test_refactoring_and_analytics.TestNewVenueAnalyticsAPIs" name="test_venue_analytics_demographics" time="0.422" /><testcase classname="tests.test_refactoring_and_analytics.TestNewVenueAnalyticsAPIs" name="test_venue_dashboard" time="0.438" /><testcase classname="tests.test_refactoring_and_analytics.TestNewVenueAnalyticsAPIs" name="test_analytics_unauthorized_access" time="0.428" /><testcase classname="tests.test_refactoring_and_analytics.TestNewVenueAnalyticsAPIs" name="test_analytics_without_auth" time="0.095" /><testcase classname="tests.test_refactoring_and_analytics.TestRefactoredModules" name="test_config_module_used" time="0.328" /><testcase classname="tests.test_refactoring_and_analytics.TestRefactoredModules" name="test_database_module_used" time="0.100" /><testcase classname="tests.test_refactoring_and_analytics.TestRefactoredModules" name="test_auth_utils_working" time="0.413" /><testcase classname="tests.test_refactoring_and_analytics.TestRefactoredModules" name="test_mongo_utils_clean_response" time="0.099" /><testcase classname="tests.test_refactoring_and_analytics.TestExistingCoreAPIs" name="test_boosts_endpoint" time="0.106" /><testcase classname="tests.test_refactoring_and_analytics.TestExistingCoreAPIs" name="test_auctions_endpoint" time="0.099" /><testcase classname="tests.test_refactoring_and_analytics.TestExistingCoreAPIs" name="test_referral_code_endpoint" time="0.432" /><testcase classname="tests.test_refactoring_and_analytics.TestExistingCoreAPIs" name="test_missions_endpoint" time="0.429" /><testcase classname="tests.test_refactoring_and_analytics.TestExistingCoreAPIs" name="test_redemptions_my_endpoint" time="0.420" /><testcase classname="tests.test_refactoring_and_analytics.TestExistingCoreAPIs" name="test_friends_endpoint" time="0.425" /><testcase classname="tests.test_refactoring_and_analytics.TestExistingCoreAPIs" name="test_lost_found_endpoint" time="0.467" /></testsuite></testsuites>