<?xml version="1.0" encoding="utf-8"?><testsuites name="pytest tests"><testsuite name="pytest" errors="0" failures="1" skipped="0" tests="18" time="28.123" timestamp="2026-02-17T07:39:30.779162+00:00" hostname="agent-env-00aeec04-7ffd-4186-a532-05f6ef765449"><testcase classname="backend.tests.test_eventfinda_integration.TestEventfindaEventsAPI" name="test_get_events_brisbane" time="1.998" /><testcase classname="backend.tests.test_eventfinda_integration.TestEventfindaEventsAPI" name="test_get_events_gold_coast" time="1.515" /><testcase classname="backend.tests.test_eventfinda_integration.TestEventfindaEventsAPI" name="test_get_events_feed" time="1.253" /><testcase classname="backend.tests.test_eventfinda_integration.TestEventfindaEventsAPI" name="test_get_tonight_events" time="1.978" /><testcase classname="backend.tests.test_eventfinda_integration.TestEventfindaEventsAPI" name="test_get_featured_events" time="1.502" /><testcase classname="backend.tests.test_eventfinda_integration.TestEventfindaEventsAPI" name="test_get_weekend_events" time="2.365" /><testcase classname="backend.tests.test_eventfinda_integration.TestEventfindaEventsAPI" name="test_get_upcoming_events" time="3.730" /><testcase classname="backend.tests.test_eventfinda_integration.TestEventfindaEventsAPI" name="test_search_events" time="3.908" /><testcase classname="backend.tests.test_eventfinda_integration.TestEventfindaEventsAPI" name="test_search_events_different_queries" time="4.533" /><testcase classname="backend.tests.test_eventfinda_integration.TestEventfindaEventStructure" name="test_event_has_required_fields" time="1.094" /><testcase classname="backend.tests.test_eventfinda_integration.TestEventfindaEventStructure" name="test_event_date_format" time="0.108" /><testcase classname="backend.tests.test_eventfinda_integration.TestEventfindaEventStructure" name="test_event_time_format" time="0.101" /><testcase classname="backend.tests.test_eventfinda_integration.TestEventfindaEventStructure" name="test_event_image_urls" time="0.136" /><testcase classname="backend.tests.test_eventfinda_integration.TestEventfindaEventDetails" name="test_get_event_detail_by_id" time="0.925"><failure message="AssertionError: Failed to get event detail: {&quot;detail&quot;:&quot;Event not found&quot;}&#10;assert 404 == 200&#10; +  where 404 = &lt;Response [404]&gt;.status_code">backend/tests/test_eventfinda_integration.py:297: in test_get_event_detail_by_id
    assert detail_response.status_code == 200, f"Failed to get event detail: {detail_response.text}"
E   AssertionError: Failed to get event detail: {"detail":"Event not found"}
E   assert 404 == 200
E    +  where 404 = &lt;Response [404]&gt;.status_code</failure></testcase><testcase classname="backend.tests.test_eventfinda_integration.TestEventfindaEventDetails" name="test_event_not_found" time="0.130" /><testcase classname="backend.tests.test_eventfinda_integration.TestEventfindaCaching" name="test_events_are_cached" time="0.210" /><testcase classname="backend.tests.test_eventfinda_integration.TestEventfindaErrorHandling" name="test_invalid_location_uses_default" time="0.458" /><testcase classname="backend.tests.test_eventfinda_integration.TestEventfindaErrorHandling" name="test_limit_bounds" time="1.950" /></testsuite></testsuites>