<?xml version="1.0" encoding="utf-8"?><testsuites name="pytest tests"><testsuite name="pytest" errors="0" failures="0" skipped="0" tests="18" time="3.754" timestamp="2026-04-20T11:58:40.445745+00:00" hostname="agent-env-bd6f6c24-f451-4013-ae52-46fefcda07a0"><testcase classname="backend.tests.test_stripe_enforcement_points.TestPaidSubscriptionStripe" name="test_free_bronze_instant" time="0.437" /><testcase classname="backend.tests.test_stripe_enforcement_points.TestPaidSubscriptionStripe" name="test_silver_requires_stripe" time="0.570" /><testcase classname="backend.tests.test_stripe_enforcement_points.TestPaidSubscriptionStripe" name="test_gold_requires_stripe" time="0.392" /><testcase classname="backend.tests.test_stripe_enforcement_points.TestTableDepositStripe" name="test_table_deposit_requires_stripe" time="0.548" /><testcase classname="backend.tests.test_stripe_enforcement_points.TestBottlePreorderStripe" name="test_bottle_preorder_requires_stripe" time="0.447" /><testcase classname="backend.tests.test_stripe_enforcement_points.TestDevModeBypass" name="test_dev_subscribe_silver_instant" time="0.313" /><testcase classname="backend.tests.test_stripe_enforcement_points.TestDevModeBypass" name="test_dev_table_deposit_instant" time="0.174" /><testcase classname="backend.tests.test_stripe_enforcement_points.TestDevModeBypass" name="test_dev_bottle_preorder_instant" time="0.099" /><testcase classname="backend.tests.test_stripe_enforcement_points.TestPointsRate" name="test_loyalty_award_10_per_dollar" time="0.062" /><testcase classname="backend.tests.test_stripe_enforcement_points.TestLeaderboard" name="test_leaderboard_ok" time="0.049" /><testcase classname="backend.tests.test_stripe_enforcement_points.TestLeaderboard" name="test_leaderboard_strategies" time="0.047" /><testcase classname="backend.tests.test_stripe_enforcement_points.TestRegression" name="test_login" time="0.270" /><testcase classname="backend.tests.test_stripe_enforcement_points.TestRegression" name="test_venues_list" time="0.044" /><testcase classname="backend.tests.test_stripe_enforcement_points.TestRegression" name="test_eclipse_tables" time="0.044" /><testcase classname="backend.tests.test_stripe_enforcement_points.TestRegression" name="test_missions" time="0.045" /><testcase classname="backend.tests.test_stripe_enforcement_points.TestRegression" name="test_rewards" time="0.043" /><testcase classname="backend.tests.test_stripe_enforcement_points.TestRegression" name="test_user_stats" time="0.045" /><testcase classname="backend.tests.test_stripe_enforcement_points.TestRegression" name="test_points_balance" time="0.044" /></testsuite></testsuites>