<?xml version="1.0" encoding="utf-8"?><testsuites name="pytest tests"><testsuite name="pytest" errors="0" failures="1" skipped="0" tests="37" time="20.068" timestamp="2026-04-16T06:30:06.262035+00:00" hostname="agent-env-bd6f6c24-f451-4013-ae52-46fefcda07a0"><testcase classname="tests.test_comprehensive_audit.TestHealthAndCore" name="test_health_endpoint" time="0.193" /><testcase classname="tests.test_comprehensive_audit.TestAuthentication" name="test_login_success" time="0.396" /><testcase classname="tests.test_comprehensive_audit.TestAuthentication" name="test_login_invalid_credentials" time="0.123" /><testcase classname="tests.test_comprehensive_audit.TestAuthentication" name="test_admin_login" time="0.319" /><testcase classname="tests.test_comprehensive_audit.TestVenuesAPI" name="test_get_venues" time="0.106" /><testcase classname="tests.test_comprehensive_audit.TestVenuesAPI" name="test_get_venue_by_id" time="0.223" /><testcase classname="tests.test_comprehensive_audit.TestEventsAPI" name="test_get_events" time="0.249" /><testcase classname="tests.test_comprehensive_audit.TestEventsAPI" name="test_get_events_feed" time="8.941" /><testcase classname="tests.test_comprehensive_audit.TestAuctionsAPI" name="test_get_auctions" time="0.139" /><testcase classname="tests.test_comprehensive_audit.TestAuctionsAPI" name="test_get_active_auctions" time="0.107" /><testcase classname="tests.test_comprehensive_audit.TestLeaderboardAPI" name="test_get_leaderboard" time="0.459" /><testcase classname="tests.test_comprehensive_audit.TestRewardsAPI" name="test_get_rewards" time="0.104" /><testcase classname="tests.test_comprehensive_audit.TestSubscriptionsAPI" name="test_get_subscription_tiers" time="0.105" /><testcase classname="tests.test_comprehensive_audit.TestPointsAPI" name="test_get_points_balance" time="0.117" /><testcase classname="tests.test_comprehensive_audit.TestReferralAPI" name="test_get_referral_code" time="0.104" /><testcase classname="tests.test_comprehensive_audit.TestBirthdayAPI" name="test_get_birthday_status" time="0.116" /><testcase classname="tests.test_comprehensive_audit.TestAIAPI" name="test_ai_chat" time="5.484" /><testcase classname="tests.test_comprehensive_audit.TestPaymentsAPI" name="test_get_wallet_balance" time="0.133" /><testcase classname="tests.test_comprehensive_audit.TestPaymentsAPI" name="test_get_packages" time="0.107" /><testcase classname="tests.test_comprehensive_audit.TestPaymentsAPI" name="test_gift_card_checkout" time="0.109" /><testcase classname="tests.test_comprehensive_audit.TestPaymentsAPI" name="test_send_gift_card" time="0.102" /><testcase classname="tests.test_comprehensive_audit.TestPerksAPI" name="test_member_search" time="0.105" /><testcase classname="tests.test_comprehensive_audit.TestPerksAPI" name="test_member_profile" time="0.211" /><testcase classname="tests.test_comprehensive_audit.TestNotificationsAPI" name="test_get_notifications" time="0.101" /><testcase classname="tests.test_comprehensive_audit.TestTicketsAPI" name="test_get_tickets" time="0.097" /><testcase classname="tests.test_comprehensive_audit.TestCrewsAPI" name="test_get_crews" time="0.110" /><testcase classname="tests.test_comprehensive_audit.TestSocialAPI" name="test_get_stories" time="0.106" /><testcase classname="tests.test_comprehensive_audit.TestUserAPI" name="test_get_me" time="0.099" /><testcase classname="tests.test_comprehensive_audit.TestUserAPI" name="test_get_user_stats" time="0.153" /><testcase classname="tests.test_comprehensive_audit.TestBookingsAPI" name="test_get_my_reservations" time="0.115" /><testcase classname="tests.test_comprehensive_audit.TestSafetyAPI" name="test_get_safety_contacts" time="0.100"><failure message="assert 404 == 200&#10; +  where 404 = &lt;Response [404]&gt;.status_code">tests/test_comprehensive_audit.py:446: in test_get_safety_contacts
    assert response.status_code == 200
E   assert 404 == 200
E    +  where 404 = &lt;Response [404]&gt;.status_code</failure></testcase><testcase classname="tests.test_comprehensive_audit.TestCherryHubAPI" name="test_cherryhub_status" time="0.097" /><testcase classname="tests.test_comprehensive_audit.TestMissionsAPI" name="test_get_missions" time="0.100" /><testcase classname="tests.test_comprehensive_audit.TestFriendsAPI" name="test_get_friends" time="0.116" /><testcase classname="tests.test_comprehensive_audit.TestVenueDashboardAPI" name="test_get_venue_dashboard" time="0.443" /><testcase classname="tests.test_comprehensive_audit.TestLostFoundAPI" name="test_lost_found_endpoint" time="0.159" /><testcase classname="tests.test_comprehensive_audit.TestPromoAPI" name="test_get_promos" time="0.104" /></testsuite></testsuites>