<?xml version="1.0" encoding="utf-8"?><testsuites name="pytest tests"><testsuite name="pytest" errors="0" failures="0" skipped="0" tests="8" time="1.384" timestamp="2026-02-17T08:01:37.578228+00:00" hostname="agent-env-8d5b97dd-8c5b-4a44-a74d-a819220ca6e9"><testcase classname="backend.tests.test_luna_venue_filtering.TestLunaVenueFiltering" name="test_events_feed_has_luna_filtered_source" time="0.141" /><testcase classname="backend.tests.test_luna_venue_filtering.TestLunaVenueFiltering" name="test_events_have_luna_venue_field" time="0.144" /><testcase classname="backend.tests.test_luna_venue_filtering.TestLunaVenueFiltering" name="test_events_only_from_luna_venues" time="0.111" /><testcase classname="backend.tests.test_luna_venue_filtering.TestLunaVenueFiltering" name="test_response_structure_complete" time="0.217" /><testcase classname="backend.tests.test_luna_venue_filtering.TestLunaVenueFiltering" name="test_event_venue_id_matches_luna_venues" time="0.116" /><testcase classname="backend.tests.test_luna_venue_filtering.TestEventsFeedCategories" name="test_tonight_events_have_correct_date" time="0.145" /><testcase classname="backend.tests.test_luna_venue_filtering.TestEventsFeedCategories" name="test_tomorrow_events_have_correct_date" time="0.136" /><testcase classname="backend.tests.test_luna_venue_filtering.TestEventsEndpointComparison" name="test_feed_is_subset_of_all_events" time="0.234" /></testsuite></testsuites>