<?xml version="1.0" encoding="utf-8"?><testsuites name="pytest tests"><testsuite name="pytest" errors="0" failures="0" skipped="0" tests="18" time="103.842" timestamp="2026-03-31T04:54:14.841303+00:00" hostname="agent-env-bd6f6c24-f451-4013-ae52-46fefcda07a0"><testcase classname="backend.tests.test_ai_features.TestAIHealth" name="test_ai_health_returns_operational" time="4.285" /><testcase classname="backend.tests.test_ai_features.TestAIAuthentication" name="test_chat_requires_auth" time="0.102" /><testcase classname="backend.tests.test_ai_features.TestAIAuthentication" name="test_smart_mission_requires_auth" time="0.107" /><testcase classname="backend.tests.test_ai_features.TestAIAuthentication" name="test_photo_caption_requires_auth" time="0.135" /><testcase classname="backend.tests.test_ai_features.TestAIAuthentication" name="test_auction_nudge_requires_auth" time="0.109" /><testcase classname="backend.tests.test_ai_features.TestAIAuthentication" name="test_churn_status_requires_auth" time="0.105" /><testcase classname="backend.tests.test_ai_features.TestAIConciergeChat" name="test_chat_returns_response_and_session" time="7.496" /><testcase classname="backend.tests.test_ai_features.TestAIConciergeChat" name="test_chat_with_session_continuity" time="8.017" /><testcase classname="backend.tests.test_ai_features.TestAIConciergeChat" name="test_chat_handles_various_questions" time="12.653" /><testcase classname="backend.tests.test_ai_features.TestSmartMissionGeneration" name="test_smart_mission_returns_mission" time="3.343" /><testcase classname="backend.tests.test_ai_features.TestSmartMissionGeneration" name="test_smart_mission_with_custom_stats" time="3.605" /><testcase classname="backend.tests.test_ai_features.TestAIPhotoCaptioning" name="test_photo_caption_returns_caption" time="1.556" /><testcase classname="backend.tests.test_ai_features.TestAIPhotoCaptioning" name="test_photo_caption_minimal_params" time="1.847" /><testcase classname="backend.tests.test_ai_features.TestAuctionBidNudging" name="test_auction_nudge_returns_notification" time="3.576" /><testcase classname="backend.tests.test_ai_features.TestAuctionBidNudging" name="test_auction_nudge_urgency_variations" time="8.773" /><testcase classname="backend.tests.test_ai_features.TestChurnPrediction" name="test_my_churn_status_returns_engagement" time="0.454" /><testcase classname="backend.tests.test_ai_features.TestChurnPrediction" name="test_churn_analysis_with_stats" time="2.440" /><testcase classname="backend.tests.test_ai_features.TestAIIntegrationFlow" name="test_full_ai_workflow" time="45.181" /></testsuite></testsuites>