<?xml version="1.0" encoding="utf-8"?><testsuites name="pytest tests"><testsuite name="pytest" errors="0" failures="1" skipped="0" tests="24" time="19.497" timestamp="2026-02-19T09:46:20.128490+00:00" hostname="agent-env-dde31da8-5978-4423-b509-f7d012bed2c7"><testcase classname="backend.tests.test_social_features.TestHealthCheck" name="test_api_available" time="0.190" /><testcase classname="backend.tests.test_social_features.TestFriendsAPI" name="test_get_friends_list" time="0.518" /><testcase classname="backend.tests.test_social_features.TestFriendsAPI" name="test_get_friend_requests" time="0.121" /><testcase classname="backend.tests.test_social_features.TestFriendsAPI" name="test_send_friend_request_invalid_user" time="0.131" /><testcase classname="backend.tests.test_social_features.TestFriendsAPI" name="test_send_friend_request_to_self" time="0.106" /><testcase classname="backend.tests.test_social_features.TestFriendsAPI" name="test_get_friends_activity" time="0.132" /><testcase classname="backend.tests.test_social_features.TestEventRSVP" name="test_rsvp_to_event_going" time="15.261" /><testcase classname="backend.tests.test_social_features.TestEventRSVP" name="test_rsvp_to_event_interested" time="0.228" /><testcase classname="backend.tests.test_social_features.TestEventRSVP" name="test_get_my_rsvp_status" time="0.284" /><testcase classname="backend.tests.test_social_features.TestEventRSVP" name="test_get_event_attendees" time="0.284" /><testcase classname="backend.tests.test_social_features.TestRewardsAndRedemption" name="test_get_rewards_list" time="0.148" /><testcase classname="backend.tests.test_social_features.TestRewardsAndRedemption" name="test_get_my_redemptions" time="0.131" /><testcase classname="backend.tests.test_social_features.TestRewardsAndRedemption" name="test_redeem_reward_insufficient_points" time="0.278" /><testcase classname="backend.tests.test_social_features.TestLostAndFound" name="test_report_lost_item" time="0.132" /><testcase classname="backend.tests.test_social_features.TestLostAndFound" name="test_get_my_lost_reports" time="0.131" /><testcase classname="backend.tests.test_social_features.TestLostAndFound" name="test_report_found_item" time="0.164" /><testcase classname="backend.tests.test_social_features.TestSafetyFeatures" name="test_get_emergency_contacts" time="0.119"><failure message="AssertionError: assert 'contacts' in {'emergency': '000', 'lifeline': '13 11 14', 'luna_security': '1800 LUNA 00', 'police_non_emergency': '131 444', ...}">backend/tests/test_social_features.py:307: in test_get_emergency_contacts
    assert "contacts" in data
E   AssertionError: assert 'contacts' in {'emergency': '000', 'lifeline': '13 11 14', 'luna_security': '1800 LUNA 00', 'police_non_emergency': '131 444', ...}</failure></testcase><testcase classname="backend.tests.test_social_features.TestSafetyFeatures" name="test_add_emergency_contact" time="0.109" /><testcase classname="backend.tests.test_social_features.TestSafetyFeatures" name="test_remove_emergency_contact" time="0.254" /><testcase classname="backend.tests.test_social_features.TestSafetyFeatures" name="test_silent_alert" time="0.140" /><testcase classname="backend.tests.test_social_features.TestUserProfile" name="test_get_user_profile" time="0.110" /><testcase classname="backend.tests.test_social_features.TestUserProfile" name="test_get_user_points" time="0.123" /><testcase classname="backend.tests.test_social_features.TestMissionsAPI" name="test_get_missions" time="0.108" /><testcase classname="backend.tests.test_social_features.TestCleanup" name="test_cleanup_lost_found" time="0.128" /></testsuite></testsuites>