<?xml version="1.0" encoding="utf-8"?><testsuites name="pytest tests"><testsuite name="pytest" errors="0" failures="0" skipped="0" tests="13" time="42.469" timestamp="2026-03-31T09:08:05.239782+00:00" hostname="agent-env-bd6f6c24-f451-4013-ae52-46fefcda07a0"><testcase classname="backend.tests.test_birthday_luna_ai.TestAuth" name="test_login_success" time="0.451" /><testcase classname="backend.tests.test_birthday_luna_ai.TestBirthdayClub" name="test_birthday_status_endpoint" time="0.445" /><testcase classname="backend.tests.test_birthday_luna_ai.TestBirthdayClub" name="test_birthday_claim_without_birthday_week" time="0.125" /><testcase classname="backend.tests.test_birthday_luna_ai.TestBirthdayClub" name="test_birthday_claim_invalid_reward" time="0.099" /><testcase classname="backend.tests.test_birthday_luna_ai.TestBirthdayClub" name="test_birthday_my_rewards" time="0.100" /><testcase classname="backend.tests.test_birthday_luna_ai.TestLunaAIChat" name="test_ai_health_endpoint" time="0.139" /><testcase classname="backend.tests.test_birthday_luna_ai.TestLunaAIChat" name="test_ai_chat_simple_message" time="8.535" /><testcase classname="backend.tests.test_birthday_luna_ai.TestLunaAIChat" name="test_ai_chat_with_session_continuity" time="4.519" /><testcase classname="backend.tests.test_birthday_luna_ai.TestLunaAIChat" name="test_ai_chat_quick_questions" time="16.898" /><testcase classname="backend.tests.test_birthday_luna_ai.TestBottomNavigation" name="test_venues_endpoint" time="0.192" /><testcase classname="backend.tests.test_birthday_luna_ai.TestBottomNavigation" name="test_events_feed_endpoint" time="10.372" /><testcase classname="backend.tests.test_birthday_luna_ai.TestBottomNavigation" name="test_user_stats_endpoint" time="0.443" /><testcase classname="backend.tests.test_birthday_luna_ai.TestBottomNavigation" name="test_tickets_endpoint" time="0.088" /></testsuite></testsuites>