<?xml version="1.0" encoding="utf-8"?><testsuites name="pytest tests"><testsuite name="pytest" errors="0" failures="0" skipped="0" tests="19" time="14.153" timestamp="2026-04-12T09:10:19.645917+00:00" hostname="agent-env-bd6f6c24-f451-4013-ae52-46fefcda07a0"><testcase classname="backend.tests.test_send_gift_card_qr.TestSendGiftCardAPI" name="test_send_gift_card_requires_auth" time="0.209" /><testcase classname="backend.tests.test_send_gift_card_qr.TestSendGiftCardAPI" name="test_send_gift_card_creates_checkout" time="1.080" /><testcase classname="backend.tests.test_send_gift_card_qr.TestSendGiftCardAPI" name="test_send_gift_card_returns_share_url" time="0.770" /><testcase classname="backend.tests.test_send_gift_card_qr.TestSendGiftCardAPI" name="test_send_gift_card_detects_existing_member" time="0.797" /><testcase classname="backend.tests.test_send_gift_card_qr.TestSendGiftCardAPI" name="test_send_gift_card_detects_new_user" time="0.830" /><testcase classname="backend.tests.test_send_gift_card_qr.TestSendGiftCardAPI" name="test_send_gift_card_calculates_10_percent_bonus" time="2.753" /><testcase classname="backend.tests.test_send_gift_card_qr.TestSendGiftCardAPI" name="test_send_gift_card_minimum_amount" time="0.432" /><testcase classname="backend.tests.test_send_gift_card_qr.TestSendGiftCardAPI" name="test_send_gift_card_maximum_amount" time="0.426" /><testcase classname="backend.tests.test_send_gift_card_qr.TestGiftCardRedeemInfo" name="test_get_gift_card_info_public" time="0.971" /><testcase classname="backend.tests.test_send_gift_card_qr.TestGiftCardRedeemInfo" name="test_get_gift_card_info_returns_correct_values" time="0.943" /><testcase classname="backend.tests.test_send_gift_card_qr.TestGiftCardRedeemInfo" name="test_get_gift_card_info_not_found" time="0.102" /><testcase classname="backend.tests.test_send_gift_card_qr.TestGiftCardClaim" name="test_claim_gift_card_requires_auth" time="0.885" /><testcase classname="backend.tests.test_send_gift_card_qr.TestGiftCardClaim" name="test_claim_gift_card_pending_payment" time="1.141" /><testcase classname="backend.tests.test_send_gift_card_qr.TestGiftCardClaim" name="test_claim_gift_card_not_found" time="0.435" /><testcase classname="backend.tests.test_send_gift_card_qr.TestStaffPortalMemberSearch" name="test_member_search_still_works" time="0.439" /><testcase classname="backend.tests.test_send_gift_card_qr.TestStaffPortalMemberSearch" name="test_member_profile_still_works" time="0.535" /><testcase classname="backend.tests.test_send_gift_card_qr.TestPreviousFeaturesStillWork" name="test_gift_card_checkout_still_works" time="0.788" /><testcase classname="backend.tests.test_send_gift_card_qr.TestPreviousFeaturesStillWork" name="test_wallet_balance_still_works" time="0.437" /><testcase classname="backend.tests.test_send_gift_card_qr.TestPreviousFeaturesStillWork" name="test_packages_endpoint_still_works" time="0.094" /></testsuite></testsuites>