<?xml version="1.0" encoding="utf-8"?><testsuites name="pytest tests"><testsuite name="pytest" errors="0" failures="0" skipped="0" tests="28" time="11.606" timestamp="2026-04-12T08:53:12.744055+00:00" hostname="agent-env-bd6f6c24-f451-4013-ae52-46fefcda07a0"><testcase classname="backend.tests.test_gift_card_staff_portal.TestGiftCardPackages" name="test_packages_endpoint_returns_gift_cards" time="0.227" /><testcase classname="backend.tests.test_gift_card_staff_portal.TestGiftCardPackages" name="test_gift_card_25_package" time="0.121" /><testcase classname="backend.tests.test_gift_card_staff_portal.TestGiftCardPackages" name="test_gift_card_50_package" time="0.110" /><testcase classname="backend.tests.test_gift_card_staff_portal.TestGiftCardPackages" name="test_gift_card_100_package" time="0.119" /><testcase classname="backend.tests.test_gift_card_staff_portal.TestGiftCardPackages" name="test_gift_card_150_package" time="0.097" /><testcase classname="backend.tests.test_gift_card_staff_portal.TestGiftCardCheckout" name="test_gift_card_checkout_requires_auth" time="0.111" /><testcase classname="backend.tests.test_gift_card_staff_portal.TestGiftCardCheckout" name="test_gift_card_checkout_creates_stripe_session" time="1.066" /><testcase classname="backend.tests.test_gift_card_staff_portal.TestGiftCardCheckout" name="test_gift_card_checkout_returns_bonus_info" time="2.485" /><testcase classname="backend.tests.test_gift_card_staff_portal.TestGiftCardCheckout" name="test_gift_card_checkout_minimum_amount" time="0.435" /><testcase classname="backend.tests.test_gift_card_staff_portal.TestGiftCardCheckout" name="test_gift_card_checkout_maximum_amount" time="0.454" /><testcase classname="backend.tests.test_gift_card_staff_portal.TestGiftCardCheckout" name="test_gift_card_custom_amount_bonus" time="0.927" /><testcase classname="backend.tests.test_gift_card_staff_portal.TestWalletBalance" name="test_wallet_balance_requires_auth" time="0.106" /><testcase classname="backend.tests.test_gift_card_staff_portal.TestWalletBalance" name="test_wallet_balance_returns_balance" time="0.431" /><testcase classname="backend.tests.test_gift_card_staff_portal.TestMemberSearch" name="test_member_search_requires_auth" time="0.091" /><testcase classname="backend.tests.test_gift_card_staff_portal.TestMemberSearch" name="test_member_search_returns_results" time="0.443" /><testcase classname="backend.tests.test_gift_card_staff_portal.TestMemberSearch" name="test_member_search_returns_tier_info" time="0.429" /><testcase classname="backend.tests.test_gift_card_staff_portal.TestMemberSearch" name="test_member_search_minimum_query_length" time="0.423" /><testcase classname="backend.tests.test_gift_card_staff_portal.TestMemberProfile" name="test_member_profile_requires_auth" time="0.101" /><testcase classname="backend.tests.test_gift_card_staff_portal.TestMemberProfile" name="test_member_profile_returns_data" time="0.424" /><testcase classname="backend.tests.test_gift_card_staff_portal.TestMemberProfile" name="test_member_profile_includes_benefits" time="0.437" /><testcase classname="backend.tests.test_gift_card_staff_portal.TestMemberProfile" name="test_member_profile_includes_today_activity" time="0.437" /><testcase classname="backend.tests.test_gift_card_staff_portal.TestMemberProfile" name="test_member_profile_not_found" time="0.438" /><testcase classname="backend.tests.test_gift_card_staff_portal.TestStaffEntryLog" name="test_entry_log_requires_auth" time="0.101" /><testcase classname="backend.tests.test_gift_card_staff_portal.TestStaffEntryLog" name="test_entry_log_success" time="0.457" /><testcase classname="backend.tests.test_gift_card_staff_portal.TestStaffDrinksRedeem" name="test_drinks_redeem_requires_auth" time="0.095" /><testcase classname="backend.tests.test_gift_card_staff_portal.TestStaffDrinksRedeem" name="test_drinks_redeem_tier_restriction" time="0.426" /><testcase classname="backend.tests.test_gift_card_staff_portal.TestStaffGuestEntry" name="test_guest_entry_requires_auth" time="0.097" /><testcase classname="backend.tests.test_gift_card_staff_portal.TestStaffGuestEntry" name="test_guest_entry_tier_restriction" time="0.420" /></testsuite></testsuites>