<?xml version="1.0" encoding="utf-8"?><testsuites name="pytest tests"><testsuite name="pytest" errors="0" failures="5" skipped="0" tests="40" time="20.730" timestamp="2026-02-27T09:43:51.684653+00:00" hostname="agent-env-89bf2d07-1e43-48fe-a4f4-5cf242e641c5"><testcase classname="backend.tests.test_comprehensive_luna.TestHealthAndBasics" name="test_health_check" time="0.218" /><testcase classname="backend.tests.test_comprehensive_luna.TestHealthAndBasics" name="test_admin_seed" time="0.059" /><testcase classname="backend.tests.test_comprehensive_luna.TestAuthentication" name="test_login_success" time="0.274" /><testcase classname="backend.tests.test_comprehensive_luna.TestAuthentication" name="test_login_invalid_password" time="0.268" /><testcase classname="backend.tests.test_comprehensive_luna.TestAuthentication" name="test_login_empty_fields" time="0.044" /><testcase classname="backend.tests.test_comprehensive_luna.TestAuthentication" name="test_get_me" time="0.316" /><testcase classname="backend.tests.test_comprehensive_luna.TestVenues" name="test_get_venues" time="0.048" /><testcase classname="backend.tests.test_comprehensive_luna.TestVenues" name="test_get_venues_with_region_filter" time="0.043" /><testcase classname="backend.tests.test_comprehensive_luna.TestVenues" name="test_get_venue_by_id" time="0.048" /><testcase classname="backend.tests.test_comprehensive_luna.TestVenues" name="test_get_venue_not_found" time="0.045" /><testcase classname="backend.tests.test_comprehensive_luna.TestEvents" name="test_get_events_feed" time="9.948" /><testcase classname="backend.tests.test_comprehensive_luna.TestEvents" name="test_get_events" time="5.128" /><testcase classname="backend.tests.test_comprehensive_luna.TestEvents" name="test_get_events_tonight" time="1.193" /><testcase classname="backend.tests.test_comprehensive_luna.TestEvents" name="test_get_events_featured" time="1.090" /><testcase classname="backend.tests.test_comprehensive_luna.TestAuctions" name="test_get_auctions" time="0.049" /><testcase classname="backend.tests.test_comprehensive_luna.TestAuctions" name="test_get_auction_detail" time="0.104" /><testcase classname="backend.tests.test_comprehensive_luna.TestAuctions" name="test_get_auction_bids" time="0.094" /><testcase classname="backend.tests.test_comprehensive_luna.TestWallet" name="test_get_wallet_balance" time="0.043"><failure message="assert 404 == 200&#10; +  where 404 = &lt;Response [404]&gt;.status_code">backend/tests/test_comprehensive_luna.py:241: in test_get_wallet_balance
    assert response.status_code == 200
E   assert 404 == 200
E    +  where 404 = &lt;Response [404]&gt;.status_code</failure></testcase><testcase classname="backend.tests.test_comprehensive_luna.TestWallet" name="test_get_wallet_transactions" time="0.043" /><testcase classname="backend.tests.test_comprehensive_luna.TestWallet" name="test_get_payments_publishable_key" time="0.046"><failure message="AssertionError: assert 'publishable_key' in {'publishableKey': 'pk_test_demo_key', 'testMode': True}">backend/tests/test_comprehensive_luna.py:258: in test_get_payments_publishable_key
    assert "publishable_key" in data
E   AssertionError: assert 'publishable_key' in {'publishableKey': 'pk_test_demo_key', 'testMode': True}</failure></testcase><testcase classname="backend.tests.test_comprehensive_luna.TestRewards" name="test_get_rewards" time="0.054" /><testcase classname="backend.tests.test_comprehensive_luna.TestRewards" name="test_get_redemptions" time="0.043" /><testcase classname="backend.tests.test_comprehensive_luna.TestBookings" name="test_get_booking_availability" time="0.043" /><testcase classname="backend.tests.test_comprehensive_luna.TestBookings" name="test_get_my_reservations" time="0.047"><failure message="AssertionError: assert False&#10; +  where False = isinstance({'bookings': [], 'guestlist': []}, list)">backend/tests/test_comprehensive_luna.py:299: in test_get_my_reservations
    assert isinstance(data, list)
E   AssertionError: assert False
E    +  where False = isinstance({'bookings': [], 'guestlist': []}, list)</failure></testcase><testcase classname="backend.tests.test_comprehensive_luna.TestSocial" name="test_get_crews" time="0.050" /><testcase classname="backend.tests.test_comprehensive_luna.TestSocial" name="test_get_user_stats" time="0.047" /><testcase classname="backend.tests.test_comprehensive_luna.TestSubscriptions" name="test_get_subscription_tiers" time="0.045" /><testcase classname="backend.tests.test_comprehensive_luna.TestSubscriptions" name="test_get_my_subscription" time="0.044" /><testcase classname="backend.tests.test_comprehensive_luna.TestCherryHubIntegration" name="test_get_cherryhub_status" time="0.321" /><testcase classname="backend.tests.test_comprehensive_luna.TestCherryHubIntegration" name="test_get_cherryhub_points" time="0.046" /><testcase classname="backend.tests.test_comprehensive_luna.TestVenuePortalAuth" name="test_venue_portal_login" time="0.269" /><testcase classname="backend.tests.test_comprehensive_luna.TestPhotosAndMedia" name="test_get_venue_photos" time="0.053" /><testcase classname="backend.tests.test_comprehensive_luna.TestPhotosAndMedia" name="test_get_venue_photo" time="0.047" /><testcase classname="backend.tests.test_comprehensive_luna.TestSafetyFeatures" name="test_get_rideshare_links" time="0.045"><failure message="assert 422 == 200&#10; +  where 422 = &lt;Response [422]&gt;.status_code">backend/tests/test_comprehensive_luna.py:398: in test_get_rideshare_links
    assert response.status_code == 200
E   assert 422 == 200
E    +  where 422 = &lt;Response [422]&gt;.status_code</failure></testcase><testcase classname="backend.tests.test_comprehensive_luna.TestSafetyFeatures" name="test_get_emergency_services" time="0.044"><failure message="AssertionError: assert False&#10; +  where False = isinstance({'emergency': '000', 'lifeline': '13 11 14', 'luna_security': '1800 LUNA 00', 'police_non_emergency': '131 444', ...}, list)">backend/tests/test_comprehensive_luna.py:408: in test_get_emergency_services
    assert isinstance(data, list)
E   AssertionError: assert False
E    +  where False = isinstance({'emergency': '000', 'lifeline': '13 11 14', 'luna_security': '1800 LUNA 00', 'police_non_emergency': '131 444', ...}, list)</failure></testcase><testcase classname="backend.tests.test_comprehensive_luna.TestReferralSystem" name="test_get_referral_code" time="0.050" /><testcase classname="backend.tests.test_comprehensive_luna.TestReferralSystem" name="test_get_referral_history" time="0.046" /><testcase classname="backend.tests.test_comprehensive_luna.TestMissions" name="test_get_missions" time="0.053" /><testcase classname="backend.tests.test_comprehensive_luna.TestBoosts" name="test_get_boosts" time="0.048" /><testcase classname="backend.tests.test_comprehensive_luna.TestBoosts" name="test_get_upcoming_boosts" time="0.047" /></testsuite></testsuites>