<?xml version="1.0" encoding="utf-8"?><testsuites name="pytest tests"><testsuite name="pytest" errors="0" failures="1" skipped="0" tests="9" time="4.142" timestamp="2026-04-01T02:58:17.844408+00:00" hostname="agent-env-bd6f6c24-f451-4013-ae52-46fefcda07a0"><testcase classname="tests.test_birthday_rewards_points.TestAuth" name="test_login_success" time="0.369" /><testcase classname="tests.test_birthday_rewards_points.TestPointsBalance" name="test_get_points_balance" time="0.483" /><testcase classname="tests.test_birthday_rewards_points.TestRewardsAPI" name="test_get_rewards_list" time="0.501" /><testcase classname="tests.test_birthday_rewards_points.TestRewardsAPI" name="test_get_my_redemptions" time="0.468" /><testcase classname="tests.test_birthday_rewards_points.TestLeaderboard" name="test_get_leaderboard" time="0.479" /><testcase classname="tests.test_birthday_rewards_points.TestBirthdayClub" name="test_get_birthday_status" time="0.459" /><testcase classname="tests.test_birthday_rewards_points.TestBirthdayClub" name="test_get_my_birthday_rewards" time="0.429" /><testcase classname="tests.test_birthday_rewards_points.TestUserProfile" name="test_get_user_me" time="0.440"><failure message="AssertionError: Get user failed: {&quot;detail&quot;:&quot;Not Found&quot;}&#10;assert 404 == 200&#10; +  where 404 = &lt;Response [404]&gt;.status_code">tests/test_birthday_rewards_points.py:233: in test_get_user_me
    assert response.status_code == 200, f"Get user failed: {response.text}"
E   AssertionError: Get user failed: {"detail":"Not Found"}
E   assert 404 == 200
E    +  where 404 = &lt;Response [404]&gt;.status_code</failure></testcase><testcase classname="tests.test_birthday_rewards_points.TestUserProfile" name="test_get_user_stats" time="0.446" /></testsuite></testsuites>