<?xml version="1.0" encoding="utf-8"?><testsuites name="pytest tests"><testsuite name="pytest" errors="0" failures="0" skipped="0" tests="40" time="8.933" timestamp="2026-04-20T08:56:36.932054+00:00" hostname="agent-env-bd6f6c24-f451-4013-ae52-46fefcda07a0"><testcase classname="tests.test_social_night_builder.TestInstagramRemoval" name="test_instagram_feed_returns_404" time="0.192" /><testcase classname="tests.test_social_night_builder.TestInstagramRemoval" name="test_instagram_connect_returns_404" time="0.107" /><testcase classname="tests.test_social_night_builder.TestEventInterest" name="test_express_interest_public" time="0.486" /><testcase classname="tests.test_social_night_builder.TestEventInterest" name="test_duplicate_interest_updates_visibility" time="0.142" /><testcase classname="tests.test_social_night_builder.TestEventInterest" name="test_express_interest_private" time="0.128" /><testcase classname="tests.test_social_night_builder.TestEventInterest" name="test_express_interest_invalid_visibility" time="0.103" /><testcase classname="tests.test_social_night_builder.TestEventInterest" name="test_express_interest_requires_auth" time="0.132" /><testcase classname="tests.test_social_night_builder.TestSocialFeed" name="test_get_feed" time="0.505" /><testcase classname="tests.test_social_night_builder.TestSocialFeed" name="test_feed_items_have_required_fields" time="0.103" /><testcase classname="tests.test_social_night_builder.TestSocialFeed" name="test_feed_requires_auth" time="0.119" /><testcase classname="tests.test_social_night_builder.TestSocialFeed" name="test_feed_pagination" time="0.104" /><testcase classname="tests.test_social_night_builder.TestLikes" name="test_like_activity" time="0.672" /><testcase classname="tests.test_social_night_builder.TestLikes" name="test_double_like_returns_400" time="0.217" /><testcase classname="tests.test_social_night_builder.TestLikes" name="test_unlike_activity" time="0.117" /><testcase classname="tests.test_social_night_builder.TestLikes" name="test_like_nonexistent_activity" time="0.111" /><testcase classname="tests.test_social_night_builder.TestLikes" name="test_like_requires_auth" time="0.099" /><testcase classname="tests.test_social_night_builder.TestEventInterested" name="test_get_event_interested" time="0.531" /><testcase classname="tests.test_social_night_builder.TestEventInterested" name="test_remove_interest" time="0.220" /><testcase classname="tests.test_social_night_builder.TestEventInterested" name="test_remove_nonexistent_interest" time="0.099" /><testcase classname="tests.test_social_night_builder.TestNightPlan" name="test_create_night_plan" time="0.429" /><testcase classname="tests.test_social_night_builder.TestNightPlan" name="test_get_my_night_plans" time="0.104" /><testcase classname="tests.test_social_night_builder.TestNightPlan" name="test_get_specific_plan" time="0.211" /><testcase classname="tests.test_social_night_builder.TestNightPlan" name="test_update_night_plan" time="0.105" /><testcase classname="tests.test_social_night_builder.TestNightPlan" name="test_respond_to_invite_accept" time="0.116" /><testcase classname="tests.test_social_night_builder.TestNightPlan" name="test_respond_to_invite_decline" time="0.107" /><testcase classname="tests.test_social_night_builder.TestNightPlan" name="test_get_nonexistent_plan" time="0.106" /><testcase classname="tests.test_social_night_builder.TestNightPlan" name="test_night_plan_requires_auth" time="0.107" /><testcase classname="tests.test_social_night_builder.TestPolls" name="test_create_poll" time="0.549" /><testcase classname="tests.test_social_night_builder.TestPolls" name="test_get_poll" time="0.226" /><testcase classname="tests.test_social_night_builder.TestPolls" name="test_vote_on_poll" time="0.222" /><testcase classname="tests.test_social_night_builder.TestPolls" name="test_change_vote" time="0.217" /><testcase classname="tests.test_social_night_builder.TestPolls" name="test_close_poll" time="0.115" /><testcase classname="tests.test_social_night_builder.TestPolls" name="test_vote_on_closed_poll" time="0.207" /><testcase classname="tests.test_social_night_builder.TestPolls" name="test_vote_invalid_option" time="0.322" /><testcase classname="tests.test_social_night_builder.TestPolls" name="test_get_nonexistent_poll" time="0.102" /><testcase classname="tests.test_social_night_builder.TestDeleteNightPlan" name="test_delete_night_plan" time="0.660" /><testcase classname="tests.test_social_night_builder.TestDeleteNightPlan" name="test_delete_nonexistent_plan" time="0.100" /><testcase classname="tests.test_social_night_builder.TestExistingData" name="test_existing_event_interest" time="0.427" /><testcase classname="tests.test_social_night_builder.TestExistingData" name="test_existing_night_plan" time="0.105" /><testcase classname="tests.test_social_night_builder.TestExistingData" name="test_existing_poll" time="0.099" /></testsuite></testsuites>