<?xml version="1.0" encoding="utf-8"?><testsuites name="pytest tests"><testsuite name="pytest" errors="0" failures="0" skipped="0" tests="14" time="5.597" timestamp="2026-03-31T20:36:50.112263+00:00" hostname="agent-env-bd6f6c24-f451-4013-ae52-46fefcda07a0"><testcase classname="backend.tests.test_auction_watchlist.TestAuctionWatchlist" name="test_health_check" time="0.480" /><testcase classname="backend.tests.test_auction_watchlist.TestAuctionWatchlist" name="test_get_auctions_list" time="0.373" /><testcase classname="backend.tests.test_auction_watchlist.TestAuctionWatchlist" name="test_add_auction_to_watchlist" time="0.486" /><testcase classname="backend.tests.test_auction_watchlist.TestAuctionWatchlist" name="test_add_auction_to_watchlist_with_custom_threshold" time="0.437" /><testcase classname="backend.tests.test_auction_watchlist.TestAuctionWatchlist" name="test_add_nonexistent_auction_to_watchlist" time="0.389" /><testcase classname="backend.tests.test_auction_watchlist.TestAuctionWatchlist" name="test_get_user_watchlist" time="0.462" /><testcase classname="backend.tests.test_auction_watchlist.TestAuctionWatchlist" name="test_remove_auction_from_watchlist" time="0.502" /><testcase classname="backend.tests.test_auction_watchlist.TestAuctionWatchlist" name="test_remove_nonexistent_watchlist_item" time="0.391" /><testcase classname="backend.tests.test_auction_watchlist.TestAuctionWatchlist" name="test_get_auction_activity" time="0.431" /><testcase classname="backend.tests.test_auction_watchlist.TestAuctionWatchlist" name="test_get_activity_nonexistent_auction" time="0.408" /><testcase classname="backend.tests.test_auction_watchlist.TestAuctionWatchlist" name="test_bidding_still_works_with_watchlist" time="0.432" /><testcase classname="backend.tests.test_auction_watchlist.TestAuctionWatchlist" name="test_bidding_with_auto_bid_still_works" time="0.447" /><testcase classname="backend.tests.test_auction_watchlist.TestLiveAuctionsCarousel" name="test_active_auctions_for_carousel" time="0.151" /><testcase classname="backend.tests.test_auction_watchlist.TestLiveAuctionsCarousel" name="test_auction_detail_for_carousel_click" time="0.151" /></testsuite></testsuites>