<?xml version="1.0" encoding="utf-8"?><testsuites name="pytest tests"><testsuite name="pytest" errors="0" failures="0" skipped="0" tests="41" time="5.249" timestamp="2026-04-17T05:52:26.875900+00:00" hostname="agent-env-bd6f6c24-f451-4013-ae52-46fefcda07a0"><testcase classname="backend.tests.test_vip_tables_bottles_geofence.TestVIPTableInventory" name="test_get_eclipse_tables_with_friday_date" time="0.455" /><testcase classname="backend.tests.test_vip_tables_bottles_geofence.TestVIPTableInventory" name="test_get_eclipse_tables_without_date" time="0.106" /><testcase classname="backend.tests.test_vip_tables_bottles_geofence.TestVIPTableInventory" name="test_get_eclipse_tables_tuesday_closed" time="0.102" /><testcase classname="backend.tests.test_vip_tables_bottles_geofence.TestVIPTableInventory" name="test_get_juju_tables_sunday" time="0.109" /><testcase classname="backend.tests.test_vip_tables_bottles_geofence.TestVIPTableInventory" name="test_get_tables_invalid_venue" time="0.095" /><testcase classname="backend.tests.test_vip_tables_bottles_geofence.TestVIPTableBooking" name="test_create_table_booking" time="0.109" /><testcase classname="backend.tests.test_vip_tables_bottles_geofence.TestVIPTableBooking" name="test_create_deposit_intent" time="0.103" /><testcase classname="backend.tests.test_vip_tables_bottles_geofence.TestVIPTableBooking" name="test_confirm_table_booking" time="0.110" /><testcase classname="backend.tests.test_vip_tables_bottles_geofence.TestVIPTableBooking" name="test_get_my_table_bookings" time="0.100" /><testcase classname="backend.tests.test_vip_tables_bottles_geofence.TestVIPTableBooking" name="test_cancel_table_booking" time="0.104" /><testcase classname="backend.tests.test_vip_tables_bottles_geofence.TestVIPTableBooking" name="test_create_booking_invalid_table" time="0.107" /><testcase classname="backend.tests.test_vip_tables_bottles_geofence.TestVIPTableBooking" name="test_create_booking_exceeds_capacity" time="0.109" /><testcase classname="backend.tests.test_vip_tables_bottles_geofence.TestBottleService" name="test_get_bottle_menu_eclipse" time="0.126" /><testcase classname="backend.tests.test_vip_tables_bottles_geofence.TestBottleService" name="test_get_bottle_menu_after_dark" time="0.108" /><testcase classname="backend.tests.test_vip_tables_bottles_geofence.TestBottleService" name="test_get_bottle_menu_pump" time="0.102" /><testcase classname="backend.tests.test_vip_tables_bottles_geofence.TestBottleService" name="test_get_bottle_menu_invalid_venue" time="0.100" /><testcase classname="backend.tests.test_vip_tables_bottles_geofence.TestBottleService" name="test_create_bottle_preorder" time="0.102" /><testcase classname="backend.tests.test_vip_tables_bottles_geofence.TestBottleService" name="test_get_my_bottle_orders" time="0.102" /><testcase classname="backend.tests.test_vip_tables_bottles_geofence.TestBottleService" name="test_cancel_bottle_order" time="0.122" /><testcase classname="backend.tests.test_vip_tables_bottles_geofence.TestBottleService" name="test_create_preorder_invalid_item" time="0.108" /><testcase classname="backend.tests.test_vip_tables_bottles_geofence.TestAdminPushMessages" name="test_list_push_messages" time="0.437" /><testcase classname="backend.tests.test_vip_tables_bottles_geofence.TestAdminPushMessages" name="test_create_push_message" time="0.108" /><testcase classname="backend.tests.test_vip_tables_bottles_geofence.TestAdminPushMessages" name="test_update_push_message" time="0.122" /><testcase classname="backend.tests.test_vip_tables_bottles_geofence.TestAdminPushMessages" name="test_delete_push_message" time="0.101" /><testcase classname="backend.tests.test_vip_tables_bottles_geofence.TestAdminPushMessages" name="test_push_messages_requires_auth" time="0.098" /><testcase classname="backend.tests.test_vip_tables_bottles_geofence.TestGeofenceLocationCheck" name="test_check_location_brisbane_cbd" time="0.106" /><testcase classname="backend.tests.test_vip_tables_bottles_geofence.TestGeofenceLocationCheck" name="test_check_location_gold_coast" time="0.121" /><testcase classname="backend.tests.test_vip_tables_bottles_geofence.TestGeofenceLocationCheck" name="test_check_location_outside_geofences" time="0.108" /><testcase classname="backend.tests.test_vip_tables_bottles_geofence.TestGeofenceLocationCheck" name="test_check_location_requires_auth" time="0.107" /><testcase classname="backend.tests.test_vip_tables_bottles_geofence.TestBottleMenuAllVenues" name="test_bottle_menu_exists[eclipse]" time="0.112" /><testcase classname="backend.tests.test_vip_tables_bottles_geofence.TestBottleMenuAllVenues" name="test_bottle_menu_exists[after_dark]" time="0.102" /><testcase classname="backend.tests.test_vip_tables_bottles_geofence.TestBottleMenuAllVenues" name="test_bottle_menu_exists[su_casa_brisbane]" time="0.106" /><testcase classname="backend.tests.test_vip_tables_bottles_geofence.TestBottleMenuAllVenues" name="test_bottle_menu_exists[su_casa_gold_coast]" time="0.099" /><testcase classname="backend.tests.test_vip_tables_bottles_geofence.TestBottleMenuAllVenues" name="test_bottle_menu_exists[juju]" time="0.100" /><testcase classname="backend.tests.test_vip_tables_bottles_geofence.TestBottleMenuAllVenues" name="test_bottle_menu_exists[night_market]" time="0.150" /><testcase classname="backend.tests.test_vip_tables_bottles_geofence.TestBottleMenuAllVenues" name="test_bottle_menu_exists[ember_and_ash]" time="0.104" /><testcase classname="backend.tests.test_vip_tables_bottles_geofence.TestBottleMenuAllVenues" name="test_bottle_menu_exists[pump]" time="0.113" /><testcase classname="backend.tests.test_vip_tables_bottles_geofence.TestBottleMenuAllVenues" name="test_bottle_menu_exists[mamacita]" time="0.121" /><testcase classname="backend.tests.test_vip_tables_bottles_geofence.TestAdminClusterMessages" name="test_list_cluster_messages" time="0.105" /><testcase classname="backend.tests.test_vip_tables_bottles_geofence.TestAdminClusterMessages" name="test_create_cluster_message" time="0.112" /><testcase classname="backend.tests.test_vip_tables_bottles_geofence.TestAdminClusterMessages" name="test_delete_cluster_message" time="0.123" /></testsuite></testsuites>