<?xml version="1.0" encoding="utf-8"?><testsuites name="pytest tests"><testsuite name="pytest" errors="0" failures="0" skipped="0" tests="31" time="7.532" timestamp="2026-04-21T08:07:42.328049+00:00" hostname="agent-env-bd6f6c24-f451-4013-ae52-46fefcda07a0"><testcase classname="backend.tests.test_luna_hub_admin_crud.TestPublicConfig" name="test_public_config_no_auth" time="0.202" /><testcase classname="backend.tests.test_luna_hub_admin_crud.TestAdminConfigAuth" name="test_get_admin_config_with_hub_key" time="0.116" /><testcase classname="backend.tests.test_luna_hub_admin_crud.TestAdminConfigAuth" name="test_get_admin_config_no_auth_is_401" time="0.116" /><testcase classname="backend.tests.test_luna_hub_admin_crud.TestAdminConfigAuth" name="test_get_admin_config_bogus_key_is_401" time="0.091" /><testcase classname="backend.tests.test_luna_hub_admin_crud.TestAppConfigUpdate" name="test_partial_update_status_pill_reflects_in_public" time="0.209" /><testcase classname="backend.tests.test_luna_hub_admin_crud.TestAppConfigUpdate" name="test_clear_value_via_null" time="0.220" /><testcase classname="backend.tests.test_luna_hub_admin_crud.TestMilestonesCRUD" name="test_list_default_milestones" time="1.038" /><testcase classname="backend.tests.test_luna_hub_admin_crud.TestMilestonesCRUD" name="test_create_milestone_and_user_facing_shows_it" time="0.713" /><testcase classname="backend.tests.test_luna_hub_admin_crud.TestMilestonesCRUD" name="test_update_milestone_persists" time="0.225" /><testcase classname="backend.tests.test_luna_hub_admin_crud.TestMilestonesCRUD" name="test_update_milestone_not_found" time="0.113" /><testcase classname="backend.tests.test_luna_hub_admin_crud.TestMilestonesCRUD" name="test_delete_milestone_persists" time="0.216" /><testcase classname="backend.tests.test_luna_hub_admin_crud.TestMilestonesCRUD" name="test_delete_milestone_not_found" time="0.101" /><testcase classname="backend.tests.test_luna_hub_admin_crud.TestBottleImageOverrides" name="test_list_bottles_has_48_with_venue_id" time="0.106" /><testcase classname="backend.tests.test_luna_hub_admin_crud.TestBottleImageOverrides" name="test_list_bottles_filter_by_eclipse" time="0.117" /><testcase classname="backend.tests.test_luna_hub_admin_crud.TestBottleImageOverrides" name="test_override_bottle_image_reflects_in_menu" time="0.283" /><testcase classname="backend.tests.test_luna_hub_admin_crud.TestBottleImageOverrides" name="test_delete_override_reverts_to_default" time="0.214" /><testcase classname="backend.tests.test_luna_hub_admin_crud.TestBottleImageOverrides" name="test_override_unknown_bottle_404" time="0.117" /><testcase classname="backend.tests.test_luna_hub_admin_crud.TestVenueOverrides" name="test_list_venues_admin" time="0.106" /><testcase classname="backend.tests.test_luna_hub_admin_crud.TestVenueOverrides" name="test_get_single_venue_admin" time="0.103" /><testcase classname="backend.tests.test_luna_hub_admin_crud.TestVenueOverrides" name="test_update_venue_tagline_and_status_reflects_publicly" time="0.232" /><testcase classname="backend.tests.test_luna_hub_admin_crud.TestVenueOverrides" name="test_is_hidden_removes_from_public_list" time="0.200" /><testcase classname="backend.tests.test_luna_hub_admin_crud.TestVenueOverrides" name="test_delete_venue_override_reverts_baseline" time="0.359" /><testcase classname="backend.tests.test_luna_hub_admin_crud.TestVenueOverrides" name="test_update_venue_not_found" time="0.105" /><testcase classname="backend.tests.test_luna_hub_admin_crud.TestExistingAdminRegression" name="test_list_missions" time="0.102" /><testcase classname="backend.tests.test_luna_hub_admin_crud.TestExistingAdminRegression" name="test_list_rewards" time="0.099" /><testcase classname="backend.tests.test_luna_hub_admin_crud.TestExistingAdminRegression" name="test_list_boosts" time="0.130" /><testcase classname="backend.tests.test_luna_hub_admin_crud.TestExistingAdminRegression" name="test_list_auctions" time="0.110" /><testcase classname="backend.tests.test_luna_hub_admin_crud.TestPublicRegression" name="test_public_venues" time="0.100" /><testcase classname="backend.tests.test_luna_hub_admin_crud.TestPublicRegression" name="test_public_missions" time="0.105" /><testcase classname="backend.tests.test_luna_hub_admin_crud.TestPublicRegression" name="test_public_rewards" time="0.112" /><testcase classname="backend.tests.test_luna_hub_admin_crud.TestPublicRegression" name="test_public_milestones_requires_auth" time="1.323" /></testsuite></testsuites>