<?xml version="1.0" encoding="utf-8"?><testsuites name="pytest tests"><testsuite name="pytest" errors="0" failures="0" skipped="0" tests="16" time="5.900" timestamp="2026-03-31T08:23:56.396214+00:00" hostname="agent-env-bd6f6c24-f451-4013-ae52-46fefcda07a0"><testcase classname="tests.test_notification_ws_jobs.TestNotificationWebSocketStats" name="test_get_notification_ws_stats" time="0.171" /><testcase classname="tests.test_notification_ws_jobs.TestNotificationUserOnlineCheck" name="test_check_user_online_status" time="0.567" /><testcase classname="tests.test_notification_ws_jobs.TestNotificationUserOnlineCheck" name="test_check_nonexistent_user_online" time="0.103" /><testcase classname="tests.test_notification_ws_jobs.TestScheduledJobsStatus" name="test_get_jobs_status_as_venue_staff" time="0.428" /><testcase classname="tests.test_notification_ws_jobs.TestScheduledJobsStatus" name="test_get_jobs_status_unauthorized" time="0.415" /><testcase classname="tests.test_notification_ws_jobs.TestChurnSummary" name="test_get_churn_summary_as_staff" time="0.429" /><testcase classname="tests.test_notification_ws_jobs.TestChurnSummary" name="test_get_churn_summary_unauthorized" time="0.434" /><testcase classname="tests.test_notification_ws_jobs.TestWinBackSummary" name="test_get_win_back_summary_as_staff" time="0.431" /><testcase classname="tests.test_notification_ws_jobs.TestWinBackSummary" name="test_get_win_back_summary_unauthorized" time="0.428" /><testcase classname="tests.test_notification_ws_jobs.TestTriggerJob" name="test_trigger_job_requires_admin" time="0.420" /><testcase classname="tests.test_notification_ws_jobs.TestTriggerJob" name="test_trigger_job_invalid_name" time="0.426" /><testcase classname="tests.test_notification_ws_jobs.TestNotificationWSManagerIntegration" name="test_ws_stats_structure" time="0.108" /><testcase classname="tests.test_notification_ws_jobs.TestPushNotificationIntegration" name="test_push_notification_function_exists" time="0.421" /><testcase classname="tests.test_notification_ws_jobs.TestSchedulerRunning" name="test_scheduler_is_running" time="0.452" /><testcase classname="tests.test_notification_ws_jobs.TestSchedulerRunning" name="test_all_jobs_configured" time="0.459" /><testcase classname="tests.test_notification_ws_jobs.TestHealthCheck" name="test_health_endpoint" time="0.127" /></testsuite></testsuites>