<?xml version="1.0" encoding="utf-8"?><testsuites name="pytest tests"><testsuite name="pytest" errors="0" failures="0" skipped="0" tests="22" time="12.675" timestamp="2026-02-17T05:31:40.666624+00:00" hostname="agent-env-00aeec04-7ffd-4186-a532-05f6ef765449"><testcase classname="backend.tests.test_p1_p2_features.TestBuyPointsAPI" name="test_buy_points_package_p1" time="0.676" /><testcase classname="backend.tests.test_p1_p2_features.TestBuyPointsAPI" name="test_buy_points_package_p2_with_bonus" time="0.671" /><testcase classname="backend.tests.test_p1_p2_features.TestBuyPointsAPI" name="test_buy_points_package_p3" time="0.558" /><testcase classname="backend.tests.test_p1_p2_features.TestBuyPointsAPI" name="test_buy_points_package_p4" time="0.647" /><testcase classname="backend.tests.test_p1_p2_features.TestBuyPointsAPI" name="test_buy_points_invalid_package" time="0.668" /><testcase classname="backend.tests.test_p1_p2_features.TestBuyPointsAPI" name="test_buy_points_without_auth" time="0.622" /><testcase classname="backend.tests.test_p1_p2_features.TestPromoCodeAPI" name="test_validate_promo_welcome50" time="0.489" /><testcase classname="backend.tests.test_p1_p2_features.TestPromoCodeAPI" name="test_validate_promo_luna100" time="0.546" /><testcase classname="backend.tests.test_p1_p2_features.TestPromoCodeAPI" name="test_validate_promo_freeentry" time="0.485" /><testcase classname="backend.tests.test_p1_p2_features.TestPromoCodeAPI" name="test_validate_promo_freedrink" time="0.512" /><testcase classname="backend.tests.test_p1_p2_features.TestPromoCodeAPI" name="test_validate_promo_vip2024" time="0.502" /><testcase classname="backend.tests.test_p1_p2_features.TestPromoCodeAPI" name="test_validate_invalid_promo" time="0.523" /><testcase classname="backend.tests.test_p1_p2_features.TestPromoCodeAPI" name="test_apply_promo_welcome50" time="0.685" /><testcase classname="backend.tests.test_p1_p2_features.TestPromoCodeAPI" name="test_apply_promo_one_time_enforcement" time="0.614" /><testcase classname="backend.tests.test_p1_p2_features.TestPromoCodeAPI" name="test_apply_promo_freedrink" time="0.500" /><testcase classname="backend.tests.test_p1_p2_features.TestPromoCodeAPI" name="test_apply_promo_freeentry" time="0.482" /><testcase classname="backend.tests.test_p1_p2_features.TestVouchersAPI" name="test_get_vouchers" time="0.584" /><testcase classname="backend.tests.test_p1_p2_features.TestVouchersAPI" name="test_get_vouchers_without_auth" time="0.687" /><testcase classname="backend.tests.test_p1_p2_features.TestInstagramIntegrationAPI" name="test_instagram_feed" time="0.600" /><testcase classname="backend.tests.test_p1_p2_features.TestInstagramIntegrationAPI" name="test_instagram_account_eclipse" time="0.500" /><testcase classname="backend.tests.test_p1_p2_features.TestInstagramIntegrationAPI" name="test_instagram_config" time="0.499" /><testcase classname="backend.tests.test_p1_p2_features.TestInstagramIntegrationAPI" name="test_instagram_invalid_account" time="0.528" /></testsuite></testsuites>