<?xml version="1.0" encoding="utf-8"?><testsuites name="pytest tests"><testsuite name="pytest" errors="0" failures="0" skipped="0" tests="18" time="13.731" timestamp="2026-02-17T07:40:53.622946+00:00" hostname="agent-env-00aeec04-7ffd-4186-a532-05f6ef765449"><testcase classname="backend.tests.test_eventfinda_integration.TestEventfindaEventsAPI" name="test_get_events_brisbane" time="0.365" /><testcase classname="backend.tests.test_eventfinda_integration.TestEventfindaEventsAPI" name="test_get_events_gold_coast" time="0.973" /><testcase classname="backend.tests.test_eventfinda_integration.TestEventfindaEventsAPI" name="test_get_events_feed" time="1.042" /><testcase classname="backend.tests.test_eventfinda_integration.TestEventfindaEventsAPI" name="test_get_tonight_events" time="0.978" /><testcase classname="backend.tests.test_eventfinda_integration.TestEventfindaEventsAPI" name="test_get_featured_events" time="1.014" /><testcase classname="backend.tests.test_eventfinda_integration.TestEventfindaEventsAPI" name="test_get_weekend_events" time="1.018" /><testcase classname="backend.tests.test_eventfinda_integration.TestEventfindaEventsAPI" name="test_get_upcoming_events" time="0.998" /><testcase classname="backend.tests.test_eventfinda_integration.TestEventfindaEventsAPI" name="test_search_events" time="0.990" /><testcase classname="backend.tests.test_eventfinda_integration.TestEventfindaEventsAPI" name="test_search_events_different_queries" time="3.004" /><testcase classname="backend.tests.test_eventfinda_integration.TestEventfindaEventStructure" name="test_event_has_required_fields" time="0.989" /><testcase classname="backend.tests.test_eventfinda_integration.TestEventfindaEventStructure" name="test_event_date_format" time="0.134" /><testcase classname="backend.tests.test_eventfinda_integration.TestEventfindaEventStructure" name="test_event_time_format" time="0.109" /><testcase classname="backend.tests.test_eventfinda_integration.TestEventfindaEventStructure" name="test_event_image_urls" time="0.119" /><testcase classname="backend.tests.test_eventfinda_integration.TestEventfindaEventDetails" name="test_get_event_detail_by_id" time="0.295" /><testcase classname="backend.tests.test_eventfinda_integration.TestEventfindaEventDetails" name="test_event_not_found" time="0.184" /><testcase classname="backend.tests.test_eventfinda_integration.TestEventfindaCaching" name="test_events_are_cached" time="0.244" /><testcase classname="backend.tests.test_eventfinda_integration.TestEventfindaErrorHandling" name="test_invalid_location_uses_default" time="0.211" /><testcase classname="backend.tests.test_eventfinda_integration.TestEventfindaErrorHandling" name="test_limit_bounds" time="1.006" /></testsuite></testsuites>