<?xml version="1.0" encoding="utf-8"?><testsuites name="pytest tests"><testsuite name="pytest" errors="0" failures="1" skipped="0" tests="23" time="17.460" timestamp="2026-02-27T10:26:43.615734+00:00" hostname="agent-env-72fa7840-2310-4536-9fda-aa4d66bdfc7e"><testcase classname="tests.test_modular_routes.TestHealth" name="test_health_endpoint_returns_200" time="0.297" /><testcase classname="tests.test_modular_routes.TestAuth" name="test_login_with_valid_credentials" time="0.388" /><testcase classname="tests.test_modular_routes.TestAuth" name="test_login_with_invalid_credentials" time="0.363" /><testcase classname="tests.test_modular_routes.TestAuth" name="test_get_me_with_auth" time="0.467" /><testcase classname="tests.test_modular_routes.TestVenues" name="test_get_all_venues" time="0.109" /><testcase classname="tests.test_modular_routes.TestVenues" name="test_get_venue_by_id" time="0.098" /><testcase classname="tests.test_modular_routes.TestVenues" name="test_get_invalid_venue" time="0.141" /><testcase classname="tests.test_modular_routes.TestEvents" name="test_get_tonight_events" time="0.215" /><testcase classname="tests.test_modular_routes.TestEvents" name="test_get_events_feed" time="11.307" /><testcase classname="tests.test_modular_routes.TestAuctions" name="test_get_auctions_list" time="0.117" /><testcase classname="tests.test_modular_routes.TestRewards" name="test_get_rewards_list" time="0.113" /><testcase classname="tests.test_modular_routes.TestMissions" name="test_get_missions_with_auth" time="0.430" /><testcase classname="tests.test_modular_routes.TestNotifications" name="test_get_notifications_with_auth" time="0.421" /><testcase classname="tests.test_modular_routes.TestPoints" name="test_get_points_balance" time="0.466"><failure message="assert 500 == 200&#10; +  where 500 = &lt;Response [500]&gt;.status_code">tests/test_modular_routes.py:224: in test_get_points_balance
    assert response.status_code == 200
E   assert 500 == 200
E    +  where 500 = &lt;Response [500]&gt;.status_code</failure></testcase><testcase classname="tests.test_modular_routes.TestSubscriptions" name="test_get_subscription_tiers" time="0.100" /><testcase classname="tests.test_modular_routes.TestBookings" name="test_get_availability" time="0.100" /><testcase classname="tests.test_modular_routes.TestTickets" name="test_get_user_tickets" time="0.434" /><testcase classname="tests.test_modular_routes.TestFriends" name="test_get_friends_list" time="0.425" /><testcase classname="tests.test_modular_routes.TestReferrals" name="test_get_referral_code" time="0.437" /><testcase classname="tests.test_modular_routes.TestVenueStaffAuth" name="test_venue_staff_login" time="0.366" /><testcase classname="tests.test_modular_routes.TestModularRoutesIntegration" name="test_health_from_modular_routes" time="0.099" /><testcase classname="tests.test_modular_routes.TestModularRoutesIntegration" name="test_venues_from_modular_routes" time="0.098" /><testcase classname="tests.test_modular_routes.TestModularRoutesIntegration" name="test_auth_from_modular_routes" time="0.335" /></testsuite></testsuites>