<?xml version="1.0" encoding="utf-8"?><testsuites name="pytest tests"><testsuite name="pytest" errors="0" failures="0" skipped="0" tests="16" time="3.048" timestamp="2026-04-12T08:26:50.268591+00:00" hostname="agent-env-bd6f6c24-f451-4013-ae52-46fefcda07a0"><testcase classname="backend.tests.test_rewards_shop.TestHealthAndAuth" name="test_health_endpoint" time="0.286" /><testcase classname="backend.tests.test_rewards_shop.TestHealthAndAuth" name="test_login_with_test_credentials" time="0.375" /><testcase classname="backend.tests.test_rewards_shop.TestRewardsAPI" name="test_rewards_returns_list" time="0.108" /><testcase classname="backend.tests.test_rewards_shop.TestRewardsAPI" name="test_rewards_have_required_fields" time="0.105" /><testcase classname="backend.tests.test_rewards_shop.TestRewardsAPI" name="test_rewards_have_points_cost" time="0.110" /><testcase classname="backend.tests.test_rewards_shop.TestPointsAPI" name="test_points_balance_requires_auth" time="0.108" /><testcase classname="backend.tests.test_rewards_shop.TestPointsAPI" name="test_points_balance_returns_data" time="0.430" /><testcase classname="backend.tests.test_rewards_shop.TestPointsAPI" name="test_points_balance_has_tier_info" time="0.553" /><testcase classname="backend.tests.test_rewards_shop.TestGiftCardMath" name="test_gift_card_25_bonus" time="0.000" /><testcase classname="backend.tests.test_rewards_shop.TestGiftCardMath" name="test_gift_card_50_bonus" time="0.000" /><testcase classname="backend.tests.test_rewards_shop.TestGiftCardMath" name="test_gift_card_100_bonus" time="0.000" /><testcase classname="backend.tests.test_rewards_shop.TestGiftCardMath" name="test_gift_card_150_bonus" time="0.000" /><testcase classname="backend.tests.test_rewards_shop.TestGiftCardMath" name="test_custom_gift_card_minimum" time="0.000" /><testcase classname="backend.tests.test_rewards_shop.TestGiftCardMath" name="test_points_conversion_rate" time="0.000" /><testcase classname="backend.tests.test_rewards_shop.TestLeaderboardAPI" name="test_leaderboard_returns_data" time="0.434" /><testcase classname="backend.tests.test_rewards_shop.TestUserAuth" name="test_auth_me_returns_user" time="0.428" /></testsuite></testsuites>