<?xml version="1.0" encoding="utf-8"?><testsuites name="pytest tests"><testsuite name="pytest" errors="0" failures="0" skipped="0" tests="20" time="4.951" timestamp="2026-03-31T21:25:17.285365+00:00" hostname="agent-env-bd6f6c24-f451-4013-ae52-46fefcda07a0"><testcase classname="backend.tests.test_new_modular_routes.TestHealthAndBasics" name="test_health_endpoint" time="0.204" /><testcase classname="backend.tests.test_new_modular_routes.TestCrewsModularRoute" name="test_get_crews_authenticated" time="0.581" /><testcase classname="backend.tests.test_new_modular_routes.TestCrewsModularRoute" name="test_get_crews_unauthenticated" time="0.152" /><testcase classname="backend.tests.test_new_modular_routes.TestCrewsModularRoute" name="test_create_crew" time="0.139" /><testcase classname="backend.tests.test_new_modular_routes.TestCrewsModularRoute" name="test_get_crew_detail" time="0.251" /><testcase classname="backend.tests.test_new_modular_routes.TestSafetyModularRoute" name="test_emergency_services_public" time="0.127" /><testcase classname="backend.tests.test_new_modular_routes.TestSafetyModularRoute" name="test_emergency_services_with_venue" time="0.108" /><testcase classname="backend.tests.test_new_modular_routes.TestSafetyModularRoute" name="test_rideshare_links" time="0.169" /><testcase classname="backend.tests.test_new_modular_routes.TestSafetyModularRoute" name="test_report_incident_authenticated" time="0.121" /><testcase classname="backend.tests.test_new_modular_routes.TestSafetyModularRoute" name="test_lost_property_authenticated" time="0.143" /><testcase classname="backend.tests.test_new_modular_routes.TestSafetyModularRoute" name="test_safety_alert_authenticated" time="0.167" /><testcase classname="backend.tests.test_new_modular_routes.TestSafetyModularRoute" name="test_get_active_alerts" time="0.116" /><testcase classname="backend.tests.test_new_modular_routes.TestSafetyModularRoute" name="test_emergency_contacts_crud" time="0.416" /><testcase classname="backend.tests.test_new_modular_routes.TestLocationModularRoute" name="test_get_my_location" time="0.120" /><testcase classname="backend.tests.test_new_modular_routes.TestLocationModularRoute" name="test_update_location" time="0.148" /><testcase classname="backend.tests.test_new_modular_routes.TestLocationModularRoute" name="test_stop_location_sharing" time="0.117" /><testcase classname="backend.tests.test_new_modular_routes.TestAuctionWatchlist" name="test_get_auctions" time="0.123" /><testcase classname="backend.tests.test_new_modular_routes.TestAuctionWatchlist" name="test_get_auction_activity" time="0.255" /><testcase classname="backend.tests.test_new_modular_routes.TestAuctionWatchlist" name="test_watchlist_flow" time="0.619" /><testcase classname="backend.tests.test_new_modular_routes.TestRouteCount" name="test_route_modules_loaded" time="0.721" /></testsuite></testsuites>