<?xml version="1.0" encoding="utf-8"?><testsuites name="pytest tests"><testsuite name="pytest" errors="0" failures="5" skipped="0" tests="22" time="11.484" timestamp="2026-02-17T05:30:45.648814+00:00" hostname="agent-env-00aeec04-7ffd-4186-a532-05f6ef765449"><testcase classname="backend.tests.test_p1_p2_features.TestBuyPointsAPI" name="test_buy_points_package_p1" time="0.946" /><testcase classname="backend.tests.test_p1_p2_features.TestBuyPointsAPI" name="test_buy_points_package_p2_with_bonus" time="0.749" /><testcase classname="backend.tests.test_p1_p2_features.TestBuyPointsAPI" name="test_buy_points_package_p3" time="0.691" /><testcase classname="backend.tests.test_p1_p2_features.TestBuyPointsAPI" name="test_buy_points_package_p4" time="0.650" /><testcase classname="backend.tests.test_p1_p2_features.TestBuyPointsAPI" name="test_buy_points_invalid_package" time="0.702" /><testcase classname="backend.tests.test_p1_p2_features.TestBuyPointsAPI" name="test_buy_points_without_auth" time="0.655" /><testcase classname="backend.tests.test_p1_p2_features.TestPromoCodeAPI" name="test_validate_promo_welcome50" time="0.505" /><testcase classname="backend.tests.test_p1_p2_features.TestPromoCodeAPI" name="test_validate_promo_luna100" time="0.525" /><testcase classname="backend.tests.test_p1_p2_features.TestPromoCodeAPI" name="test_validate_promo_freeentry" time="0.548" /><testcase classname="backend.tests.test_p1_p2_features.TestPromoCodeAPI" name="test_validate_promo_freedrink" time="0.509" /><testcase classname="backend.tests.test_p1_p2_features.TestPromoCodeAPI" name="test_validate_promo_vip2024" time="0.466" /><testcase classname="backend.tests.test_p1_p2_features.TestPromoCodeAPI" name="test_validate_invalid_promo" time="0.495" /><testcase classname="backend.tests.test_p1_p2_features.TestPromoCodeAPI" name="test_apply_promo_welcome50" time="0.568" /><testcase classname="backend.tests.test_p1_p2_features.TestPromoCodeAPI" name="test_apply_promo_one_time_enforcement" time="0.475"><failure message="AssertionError: Expected 400, got 200&#10;assert 200 == 400&#10; +  where 200 = &lt;Response [200]&gt;.status_code">backend/tests/test_p1_p2_features.py:302: in test_apply_promo_one_time_enforcement
    assert response.status_code == 400, f"Expected 400, got {response.status_code}"
E   AssertionError: Expected 400, got 200
E   assert 200 == 400
E    +  where 200 = &lt;Response [200]&gt;.status_code</failure></testcase><testcase classname="backend.tests.test_p1_p2_features.TestPromoCodeAPI" name="test_apply_promo_freedrink" time="0.504" /><testcase classname="backend.tests.test_p1_p2_features.TestPromoCodeAPI" name="test_apply_promo_freeentry" time="0.462" /><testcase classname="backend.tests.test_p1_p2_features.TestVouchersAPI" name="test_get_vouchers" time="0.616" /><testcase classname="backend.tests.test_p1_p2_features.TestVouchersAPI" name="test_get_vouchers_without_auth" time="0.670" /><testcase classname="backend.tests.test_p1_p2_features.TestInstagramIntegrationAPI" name="test_instagram_feed" time="0.151"><failure message="assert 401 == 200&#10; +  where 401 = &lt;Response [401]&gt;.status_code">backend/tests/test_p1_p2_features.py:397: in test_instagram_feed
    assert response.status_code == 200
E   assert 401 == 200
E    +  where 401 = &lt;Response [401]&gt;.status_code</failure></testcase><testcase classname="backend.tests.test_p1_p2_features.TestInstagramIntegrationAPI" name="test_instagram_account_eclipse" time="0.099"><failure message="assert 401 == 200&#10; +  where 401 = &lt;Response [401]&gt;.status_code">backend/tests/test_p1_p2_features.py:421: in test_instagram_account_eclipse
    assert response.status_code == 200
E   assert 401 == 200
E    +  where 401 = &lt;Response [401]&gt;.status_code</failure></testcase><testcase classname="backend.tests.test_p1_p2_features.TestInstagramIntegrationAPI" name="test_instagram_config" time="0.120"><failure message="assert 401 == 200&#10; +  where 401 = &lt;Response [401]&gt;.status_code">backend/tests/test_p1_p2_features.py:433: in test_instagram_config
    assert response.status_code == 200
E   assert 401 == 200
E    +  where 401 = &lt;Response [401]&gt;.status_code</failure></testcase><testcase classname="backend.tests.test_p1_p2_features.TestInstagramIntegrationAPI" name="test_instagram_invalid_account" time="0.140"><failure message="assert 401 == 200&#10; +  where 401 = &lt;Response [401]&gt;.status_code">backend/tests/test_p1_p2_features.py:451: in test_instagram_invalid_account
    assert response.status_code == 200
E   assert 401 == 200
E    +  where 401 = &lt;Response [401]&gt;.status_code</failure></testcase></testsuite></testsuites>