<?xml version="1.0" encoding="utf-8"?><testsuites name="pytest tests"><testsuite name="pytest" errors="0" failures="0" skipped="0" tests="16" time="8.715" timestamp="2026-03-31T07:22:45.647507+00:00" hostname="agent-env-bd6f6c24-f451-4013-ae52-46fefcda07a0"><testcase classname="tests.test_websocket_churn.TestWebSocketEndpoints" name="test_ws_stats_returns_connection_statistics" time="0.157" /><testcase classname="tests.test_websocket_churn.TestChurnUserEndpoints" name="test_my_status_returns_engagement_level" time="0.481" /><testcase classname="tests.test_websocket_churn.TestChurnUserEndpoints" name="test_analyze_own_account" time="0.768" /><testcase classname="tests.test_websocket_churn.TestChurnUserEndpoints" name="test_analyze_other_account_forbidden" time="0.422" /><testcase classname="tests.test_websocket_churn.TestChurnUserEndpoints" name="test_my_status_requires_auth" time="0.119" /><testcase classname="tests.test_websocket_churn.TestChurnStaffEndpoints" name="test_dashboard_returns_churn_stats" time="0.422" /><testcase classname="tests.test_websocket_churn.TestChurnStaffEndpoints" name="test_dashboard_requires_staff_role" time="0.411" /><testcase classname="tests.test_websocket_churn.TestChurnStaffEndpoints" name="test_trigger_winback_creates_campaign" time="0.745" /><testcase classname="tests.test_websocket_churn.TestChurnStaffEndpoints" name="test_trigger_winback_with_specific_offer" time="0.734" /><testcase classname="tests.test_websocket_churn.TestChurnStaffEndpoints" name="test_trigger_winback_requires_staff_role" time="0.797" /><testcase classname="tests.test_websocket_churn.TestChurnStaffEndpoints" name="test_campaigns_list_returns_history" time="0.437" /><testcase classname="tests.test_websocket_churn.TestChurnStaffEndpoints" name="test_staff_can_analyze_any_user" time="0.733" /><testcase classname="tests.test_websocket_churn.TestChurnClaimOffer" name="test_claim_offer_success" time="0.837" /><testcase classname="tests.test_websocket_churn.TestChurnClaimOffer" name="test_claim_offer_requires_auth" time="0.095" /><testcase classname="tests.test_websocket_churn.TestChurnRiskCalculation" name="test_risk_score_based_on_metrics" time="0.745" /><testcase classname="tests.test_websocket_churn.TestChurnRiskCalculation" name="test_win_back_offer_matches_risk_level" time="0.732" /></testsuite></testsuites>