<?xml version="1.0" encoding="utf-8"?><testsuites name="pytest tests"><testsuite name="pytest" errors="0" failures="0" skipped="0" tests="6" time="1.913" timestamp="2026-02-17T03:54:55.937946+00:00" hostname="agent-env-00aeec04-7ffd-4186-a532-05f6ef765449"><testcase classname="tests.test_app_store_features.TestAccountDeletion" name="test_delete_account_success" time="0.866" /><testcase classname="tests.test_app_store_features.TestAccountDeletion" name="test_delete_account_without_auth" time="0.132" /><testcase classname="tests.test_app_store_features.TestAccountDeletion" name="test_delete_account_with_invalid_token" time="0.128" /><testcase classname="tests.test_app_store_features.TestLoginAuth" name="test_login_with_test_account" time="0.377" /><testcase classname="tests.test_app_store_features.TestLoginAuth" name="test_login_invalid_credentials" time="0.126" /><testcase classname="tests.test_app_store_features.TestHealthCheck" name="test_api_health" time="0.121" /></testsuite></testsuites>